[0.583s] Invoking command in '/home/han/proyect_ws/src/example_description': PYTHONPATH=/home/han/proyect_ws/build/example_description/prefix_override:/usr/lib/python3/dist-packages/colcon_core/task/python/colcon_distutils_commands:/home/han/proyect_ws/install/example_description/lib/python3.10/site-packages:${PYTHONPATH} /usr/bin/python3 -W ignore:setup.py install is deprecated -W ignore:easy_install command is deprecated setup.py egg_info --egg-base ../../build/example_description build --build-base /home/han/proyect_ws/build/example_description/build install --record /home/han/proyect_ws/build/example_description/install.log --single-version-externally-managed install_data
[0.726s] running egg_info
[0.727s] writing ../../build/example_description/example_description.egg-info/PKG-INFO
[0.727s] writing dependency_links to ../../build/example_description/example_description.egg-info/dependency_links.txt
[0.727s] writing entry points to ../../build/example_description/example_description.egg-info/entry_points.txt
[0.727s] writing requirements to ../../build/example_description/example_description.egg-info/requires.txt
[0.728s] writing top-level names to ../../build/example_description/example_description.egg-info/top_level.txt
[0.729s] reading manifest file '../../build/example_description/example_description.egg-info/SOURCES.txt'
[0.730s] writing manifest file '../../build/example_description/example_description.egg-info/SOURCES.txt'
[0.730s] running build
[0.730s] running build_py
[0.730s] running install
[0.730s] running install_lib
[0.731s] running install_data
[0.731s] running install_egg_info
[0.732s] removing '/home/han/proyect_ws/install/example_description/lib/python3.10/site-packages/example_description-0.0.0-py3.10.egg-info' (and everything under it)
[0.733s] Copying ../../build/example_description/example_description.egg-info to /home/han/proyect_ws/install/example_description/lib/python3.10/site-packages/example_description-0.0.0-py3.10.egg-info
[0.733s] running install_scripts
[0.746s] writing list of installed files to '/home/han/proyect_ws/build/example_description/install.log'
[0.763s] Invoked command in '/home/han/proyect_ws/src/example_description' returned '0': PYTHONPATH=/home/han/proyect_ws/build/example_description/prefix_override:/usr/lib/python3/dist-packages/colcon_core/task/python/colcon_distutils_commands:/home/han/proyect_ws/install/example_description/lib/python3.10/site-packages:${PYTHONPATH} /usr/bin/python3 -W ignore:setup.py install is deprecated -W ignore:easy_install command is deprecated setup.py egg_info --egg-base ../../build/example_description build --build-base /home/han/proyect_ws/build/example_description/build install --record /home/han/proyect_ws/build/example_description/install.log --single-version-externally-managed install_data
