running egg_info
creating ../../../build/example_bringup/example_bringup.egg-info
writing ../../../build/example_bringup/example_bringup.egg-info/PKG-INFO
writing dependency_links to ../../../build/example_bringup/example_bringup.egg-info/dependency_links.txt
writing entry points to ../../../build/example_bringup/example_bringup.egg-info/entry_points.txt
writing requirements to ../../../build/example_bringup/example_bringup.egg-info/requires.txt
writing top-level names to ../../../build/example_bringup/example_bringup.egg-info/top_level.txt
writing manifest file '../../../build/example_bringup/example_bringup.egg-info/SOURCES.txt'
reading manifest file '../../../build/example_bringup/example_bringup.egg-info/SOURCES.txt'
writing manifest file '../../../build/example_bringup/example_bringup.egg-info/SOURCES.txt'
running build
running build_py
creating /home/han/proyect_ws/build/example_bringup/build
creating /home/han/proyect_ws/build/example_bringup/build/lib
creating /home/han/proyect_ws/build/example_bringup/build/lib/example_bringup
copying example_bringup/__init__.py -> /home/han/proyect_ws/build/example_bringup/build/lib/example_bringup
copying example_bringup/trayectory_node.py -> /home/han/proyect_ws/build/example_bringup/build/lib/example_bringup
copying example_bringup/rrr_position_test.py -> /home/han/proyect_ws/build/example_bringup/build/lib/example_bringup
copying example_bringup/trayectory_generator.py -> /home/han/proyect_ws/build/example_bringup/build/lib/example_bringup
copying example_bringup/scara_trajectory_test.py -> /home/han/proyect_ws/build/example_bringup/build/lib/example_bringup
copying example_bringup/scara_position_test.py -> /home/han/proyect_ws/build/example_bringup/build/lib/example_bringup
copying example_bringup/rrr_trajectory_test.py -> /home/han/proyect_ws/build/example_bringup/build/lib/example_bringup
running install
running install_lib
creating /home/han/proyect_ws/install/example_bringup/lib/python3.10/site-packages/example_bringup
copying /home/han/proyect_ws/build/example_bringup/build/lib/example_bringup/__init__.py -> /home/han/proyect_ws/install/example_bringup/lib/python3.10/site-packages/example_bringup
copying /home/han/proyect_ws/build/example_bringup/build/lib/example_bringup/trayectory_node.py -> /home/han/proyect_ws/install/example_bringup/lib/python3.10/site-packages/example_bringup
copying /home/han/proyect_ws/build/example_bringup/build/lib/example_bringup/rrr_position_test.py -> /home/han/proyect_ws/install/example_bringup/lib/python3.10/site-packages/example_bringup
copying /home/han/proyect_ws/build/example_bringup/build/lib/example_bringup/trayectory_generator.py -> /home/han/proyect_ws/install/example_bringup/lib/python3.10/site-packages/example_bringup
copying /home/han/proyect_ws/build/example_bringup/build/lib/example_bringup/scara_trajectory_test.py -> /home/han/proyect_ws/install/example_bringup/lib/python3.10/site-packages/example_bringup
copying /home/han/proyect_ws/build/example_bringup/build/lib/example_bringup/scara_position_test.py -> /home/han/proyect_ws/install/example_bringup/lib/python3.10/site-packages/example_bringup
copying /home/han/proyect_ws/build/example_bringup/build/lib/example_bringup/rrr_trajectory_test.py -> /home/han/proyect_ws/install/example_bringup/lib/python3.10/site-packages/example_bringup
byte-compiling /home/han/proyect_ws/install/example_bringup/lib/python3.10/site-packages/example_bringup/__init__.py to __init__.cpython-310.pyc
byte-compiling /home/han/proyect_ws/install/example_bringup/lib/python3.10/site-packages/example_bringup/trayectory_node.py to trayectory_node.cpython-310.pyc
byte-compiling /home/han/proyect_ws/install/example_bringup/lib/python3.10/site-packages/example_bringup/rrr_position_test.py to rrr_position_test.cpython-310.pyc
byte-compiling /home/han/proyect_ws/install/example_bringup/lib/python3.10/site-packages/example_bringup/trayectory_generator.py to trayectory_generator.cpython-310.pyc
byte-compiling /home/han/proyect_ws/install/example_bringup/lib/python3.10/site-packages/example_bringup/scara_trajectory_test.py to scara_trajectory_test.cpython-310.pyc
byte-compiling /home/han/proyect_ws/install/example_bringup/lib/python3.10/site-packages/example_bringup/scara_position_test.py to scara_position_test.cpython-310.pyc
byte-compiling /home/han/proyect_ws/install/example_bringup/lib/python3.10/site-packages/example_bringup/rrr_trajectory_test.py to rrr_trajectory_test.cpython-310.pyc
running install_data
creating /home/han/proyect_ws/install/example_bringup/share/ament_index
creating /home/han/proyect_ws/install/example_bringup/share/ament_index/resource_index
creating /home/han/proyect_ws/install/example_bringup/share/ament_index/resource_index/packages
copying resource/example_bringup -> /home/han/proyect_ws/install/example_bringup/share/ament_index/resource_index/packages
copying package.xml -> /home/han/proyect_ws/install/example_bringup/share/example_bringup
creating /home/han/proyect_ws/install/example_bringup/share/example_bringup/launch
copying launch/rrr_effort_controller.launch.py -> /home/han/proyect_ws/install/example_bringup/share/example_bringup/launch
copying launch/scara_trajectory_controller.launch.py -> /home/han/proyect_ws/install/example_bringup/share/example_bringup/launch
copying launch/scara_effort_controller.launch.py -> /home/han/proyect_ws/install/example_bringup/share/example_bringup/launch
copying launch/scara_position_controller.launch.py -> /home/han/proyect_ws/install/example_bringup/share/example_bringup/launch
copying launch/rrr_position_controller.launch.py -> /home/han/proyect_ws/install/example_bringup/share/example_bringup/launch
copying launch/rrr_trajectory_controller.launch.py -> /home/han/proyect_ws/install/example_bringup/share/example_bringup/launch
running install_egg_info
Copying ../../../build/example_bringup/example_bringup.egg-info to /home/han/proyect_ws/install/example_bringup/lib/python3.10/site-packages/example_bringup-0.0.0-py3.10.egg-info
running install_scripts
Installing rrr_position_test script to /home/han/proyect_ws/install/example_bringup/lib/example_bringup
Installing rrr_trajectory_test script to /home/han/proyect_ws/install/example_bringup/lib/example_bringup
Installing scara_position_test script to /home/han/proyect_ws/install/example_bringup/lib/example_bringup
Installing scara_trajectory_test script to /home/han/proyect_ws/install/example_bringup/lib/example_bringup
writing list of installed files to '/home/han/proyect_ws/build/example_bringup/install.log'
