running egg_info
writing ../../build/example_bringup/example_bringup.egg-info/PKG-INFO
writing dependency_links to ../../build/example_bringup/example_bringup.egg-info/dependency_links.txt
writing entry points to ../../build/example_bringup/example_bringup.egg-info/entry_points.txt
writing requirements to ../../build/example_bringup/example_bringup.egg-info/requires.txt
writing top-level names to ../../build/example_bringup/example_bringup.egg-info/top_level.txt
reading manifest file '../../build/example_bringup/example_bringup.egg-info/SOURCES.txt'
writing manifest file '../../build/example_bringup/example_bringup.egg-info/SOURCES.txt'
running build
running build_py
copying example_bringup/scara_trajectory_test.py -> /home/han/proyect_ws/build/example_bringup/build/lib/example_bringup
running install
running install_lib
copying /home/han/proyect_ws/build/example_bringup/build/lib/example_bringup/scara_trajectory_test.py -> /home/han/proyect_ws/install/example_bringup/lib/python3.10/site-packages/example_bringup
byte-compiling /home/han/proyect_ws/install/example_bringup/lib/python3.10/site-packages/example_bringup/scara_trajectory_test.py to scara_trajectory_test.cpython-310.pyc
running install_data
running install_egg_info
removing '/home/han/proyect_ws/install/example_bringup/lib/python3.10/site-packages/example_bringup-0.0.0-py3.10.egg-info' (and everything under it)
Copying ../../build/example_bringup/example_bringup.egg-info to /home/han/proyect_ws/install/example_bringup/lib/python3.10/site-packages/example_bringup-0.0.0-py3.10.egg-info
running install_scripts
Installing rrr_position_test script to /home/han/proyect_ws/install/example_bringup/lib/example_bringup
Installing rrr_trajectory_test script to /home/han/proyect_ws/install/example_bringup/lib/example_bringup
Installing scara_position_test script to /home/han/proyect_ws/install/example_bringup/lib/example_bringup
Installing scara_trajectory_test script to /home/han/proyect_ws/install/example_bringup/lib/example_bringup
writing list of installed files to '/home/han/proyect_ws/build/example_bringup/install.log'
