[0.580s] Invoking command in '/home/han/proyect_ws/src/example_bringup': PYTHONPATH=/home/han/proyect_ws/build/example_bringup/prefix_override:/usr/lib/python3/dist-packages/colcon_core/task/python/colcon_distutils_commands:/home/han/proyect_ws/install/example_bringup/lib/python3.10/site-packages:${PYTHONPATH} /usr/bin/python3 -W ignore:setup.py install is deprecated -W ignore:easy_install command is deprecated setup.py egg_info --egg-base ../../build/example_bringup build --build-base /home/han/proyect_ws/build/example_bringup/build install --record /home/han/proyect_ws/build/example_bringup/install.log --single-version-externally-managed install_data
[0.718s] running egg_info
[0.718s] writing ../../build/example_bringup/example_bringup.egg-info/PKG-INFO
[0.718s] writing dependency_links to ../../build/example_bringup/example_bringup.egg-info/dependency_links.txt
[0.719s] writing entry points to ../../build/example_bringup/example_bringup.egg-info/entry_points.txt
[0.719s] writing requirements to ../../build/example_bringup/example_bringup.egg-info/requires.txt
[0.719s] writing top-level names to ../../build/example_bringup/example_bringup.egg-info/top_level.txt
[0.720s] reading manifest file '../../build/example_bringup/example_bringup.egg-info/SOURCES.txt'
[0.721s] writing manifest file '../../build/example_bringup/example_bringup.egg-info/SOURCES.txt'
[0.721s] running build
[0.721s] running build_py
[0.721s] copying example_bringup/scara_trajectory_test.py -> /home/han/proyect_ws/build/example_bringup/build/lib/example_bringup
[0.721s] running install
[0.722s] running install_lib
[0.722s] copying /home/han/proyect_ws/build/example_bringup/build/lib/example_bringup/scara_trajectory_test.py -> /home/han/proyect_ws/install/example_bringup/lib/python3.10/site-packages/example_bringup
[0.722s] byte-compiling /home/han/proyect_ws/install/example_bringup/lib/python3.10/site-packages/example_bringup/scara_trajectory_test.py to scara_trajectory_test.cpython-310.pyc
[0.723s] running install_data
[0.723s] running install_egg_info
[0.724s] removing '/home/han/proyect_ws/install/example_bringup/lib/python3.10/site-packages/example_bringup-0.0.0-py3.10.egg-info' (and everything under it)
[0.724s] Copying ../../build/example_bringup/example_bringup.egg-info to /home/han/proyect_ws/install/example_bringup/lib/python3.10/site-packages/example_bringup-0.0.0-py3.10.egg-info
[0.725s] running install_scripts
[0.738s] Installing rrr_position_test script to /home/han/proyect_ws/install/example_bringup/lib/example_bringup
[0.738s] Installing rrr_trajectory_test script to /home/han/proyect_ws/install/example_bringup/lib/example_bringup
[0.739s] Installing scara_position_test script to /home/han/proyect_ws/install/example_bringup/lib/example_bringup
[0.739s] Installing scara_trajectory_test script to /home/han/proyect_ws/install/example_bringup/lib/example_bringup
[0.739s] writing list of installed files to '/home/han/proyect_ws/build/example_bringup/install.log'
[0.756s] Invoked command in '/home/han/proyect_ws/src/example_bringup' returned '0': PYTHONPATH=/home/han/proyect_ws/build/example_bringup/prefix_override:/usr/lib/python3/dist-packages/colcon_core/task/python/colcon_distutils_commands:/home/han/proyect_ws/install/example_bringup/lib/python3.10/site-packages:${PYTHONPATH} /usr/bin/python3 -W ignore:setup.py install is deprecated -W ignore:easy_install command is deprecated setup.py egg_info --egg-base ../../build/example_bringup build --build-base /home/han/proyect_ws/build/example_bringup/build install --record /home/han/proyect_ws/build/example_bringup/install.log --single-version-externally-managed install_data
