[21.381s] Invoking command in '/home/robousr/proyecto.F_ws/src/example_bringup': PYTHONPATH=/home/robousr/proyecto.F_ws/build/example_bringup/prefix_override:/usr/lib/python3/dist-packages/colcon_core/task/python/colcon_distutils_commands:/home/robousr/proyecto.F_ws/install/example_bringup/lib/python3.10/site-packages:${PYTHONPATH} /usr/bin/python3 -W ignore:setup.py install is deprecated setup.py egg_info --egg-base ../../build/example_bringup build --build-base /home/robousr/proyecto.F_ws/build/example_bringup/build install --record /home/robousr/proyecto.F_ws/build/example_bringup/install.log --single-version-externally-managed install_data
[24.568s] running egg_info
[24.570s] writing ../../build/example_bringup/example_bringup.egg-info/PKG-INFO
[24.628s] writing dependency_links to ../../build/example_bringup/example_bringup.egg-info/dependency_links.txt
[24.633s] writing entry points to ../../build/example_bringup/example_bringup.egg-info/entry_points.txt
[24.633s] writing requirements to ../../build/example_bringup/example_bringup.egg-info/requires.txt
[24.634s] writing top-level names to ../../build/example_bringup/example_bringup.egg-info/top_level.txt
[24.634s] reading manifest file '../../build/example_bringup/example_bringup.egg-info/SOURCES.txt'
[24.689s] writing manifest file '../../build/example_bringup/example_bringup.egg-info/SOURCES.txt'
[24.689s] running build
[24.698s] running build_py
[24.707s] running install
[24.707s] running install_lib
[24.725s] running install_data
[24.875s] running install_egg_info
[24.910s] removing '/home/robousr/proyecto.F_ws/install/example_bringup/lib/python3.10/site-packages/example_bringup-0.0.0-py3.10.egg-info' (and everything under it)
[24.927s] Copying ../../build/example_bringup/example_bringup.egg-info to /home/robousr/proyecto.F_ws/install/example_bringup/lib/python3.10/site-packages/example_bringup-0.0.0-py3.10.egg-info
[24.986s] running install_scripts
[25.459s] Installing rrr_position_test script to /home/robousr/proyecto.F_ws/install/example_bringup/lib/example_bringup
[25.465s] Installing rrr_trajectory_test script to /home/robousr/proyecto.F_ws/install/example_bringup/lib/example_bringup
[25.466s] Installing scara_position_test script to /home/robousr/proyecto.F_ws/install/example_bringup/lib/example_bringup
[25.466s] Installing scara_trajectory_test script to /home/robousr/proyecto.F_ws/install/example_bringup/lib/example_bringup
[25.483s] writing list of installed files to '/home/robousr/proyecto.F_ws/build/example_bringup/install.log'
[25.631s] Invoked command in '/home/robousr/proyecto.F_ws/src/example_bringup' returned '0': PYTHONPATH=/home/robousr/proyecto.F_ws/build/example_bringup/prefix_override:/usr/lib/python3/dist-packages/colcon_core/task/python/colcon_distutils_commands:/home/robousr/proyecto.F_ws/install/example_bringup/lib/python3.10/site-packages:${PYTHONPATH} /usr/bin/python3 -W ignore:setup.py install is deprecated setup.py egg_info --egg-base ../../build/example_bringup build --build-base /home/robousr/proyecto.F_ws/build/example_bringup/build install --record /home/robousr/proyecto.F_ws/build/example_bringup/install.log --single-version-externally-managed install_data
