[0.531s] Invoking command in '/home/han/proyect_ws/src/ros2_example_packages-main/example_description': PYTHONPATH=/home/han/proyect_ws/build/example_description/prefix_override:/usr/lib/python3/dist-packages/colcon_core/task/python/colcon_distutils_commands:/home/han/proyect_ws/install/example_description/lib/python3.10/site-packages:${PYTHONPATH} /usr/bin/python3 -W ignore:setup.py install is deprecated -W ignore:easy_install command is deprecated setup.py egg_info --egg-base ../../../build/example_description build --build-base /home/han/proyect_ws/build/example_description/build install --record /home/han/proyect_ws/build/example_description/install.log --single-version-externally-managed install_data
[0.670s] running egg_info
[0.671s] writing ../../../build/example_description/example_description.egg-info/PKG-INFO
[0.671s] writing dependency_links to ../../../build/example_description/example_description.egg-info/dependency_links.txt
[0.672s] writing entry points to ../../../build/example_description/example_description.egg-info/entry_points.txt
[0.672s] writing requirements to ../../../build/example_description/example_description.egg-info/requires.txt
[0.672s] writing top-level names to ../../../build/example_description/example_description.egg-info/top_level.txt
[0.673s] reading manifest file '../../../build/example_description/example_description.egg-info/SOURCES.txt'
[0.674s] writing manifest file '../../../build/example_description/example_description.egg-info/SOURCES.txt'
[0.674s] running build
[0.674s] running build_py
[0.674s] running install
[0.675s] running install_lib
[0.675s] running install_data
[0.675s] running install_egg_info
[0.676s] removing '/home/han/proyect_ws/install/example_description/lib/python3.10/site-packages/example_description-0.0.0-py3.10.egg-info' (and everything under it)
[0.676s] Copying ../../../build/example_description/example_description.egg-info to /home/han/proyect_ws/install/example_description/lib/python3.10/site-packages/example_description-0.0.0-py3.10.egg-info
[0.677s] running install_scripts
[0.688s] writing list of installed files to '/home/han/proyect_ws/build/example_description/install.log'
[0.703s] Invoked command in '/home/han/proyect_ws/src/ros2_example_packages-main/example_description' returned '0': PYTHONPATH=/home/han/proyect_ws/build/example_description/prefix_override:/usr/lib/python3/dist-packages/colcon_core/task/python/colcon_distutils_commands:/home/han/proyect_ws/install/example_description/lib/python3.10/site-packages:${PYTHONPATH} /usr/bin/python3 -W ignore:setup.py install is deprecated -W ignore:easy_install command is deprecated setup.py egg_info --egg-base ../../../build/example_description build --build-base /home/han/proyect_ws/build/example_description/build install --record /home/han/proyect_ws/build/example_description/install.log --single-version-externally-managed install_data
