[4.682s] Invoking command in '/home/robousr/proyecto.F_ws/src/example_bringup': PYTHONPATH=/home/robousr/proyecto.F_ws/build/example_bringup/prefix_override:/usr/lib/python3/dist-packages/colcon_core/task/python/colcon_distutils_commands:/home/robousr/proyecto.F_ws/install/example_bringup/lib/python3.10/site-packages:${PYTHONPATH} /usr/bin/python3 -W ignore:setup.py install is deprecated setup.py egg_info --egg-base ../../build/example_bringup build --build-base /home/robousr/proyecto.F_ws/build/example_bringup/build install --record /home/robousr/proyecto.F_ws/build/example_bringup/install.log --single-version-externally-managed install_data
[6.001s] running egg_info
[6.003s] writing ../../build/example_bringup/example_bringup.egg-info/PKG-INFO
[6.004s] writing dependency_links to ../../build/example_bringup/example_bringup.egg-info/dependency_links.txt
[6.010s] writing entry points to ../../build/example_bringup/example_bringup.egg-info/entry_points.txt
[6.013s] writing requirements to ../../build/example_bringup/example_bringup.egg-info/requires.txt
[6.014s] writing top-level names to ../../build/example_bringup/example_bringup.egg-info/top_level.txt
[6.021s] reading manifest file '../../build/example_bringup/example_bringup.egg-info/SOURCES.txt'
[6.026s] writing manifest file '../../build/example_bringup/example_bringup.egg-info/SOURCES.txt'
[6.026s] running build
[6.026s] running build_py
[6.029s] running install
[6.033s] running install_lib
[6.035s] running install_data
[6.036s] running install_egg_info
[6.044s] removing '/home/robousr/proyecto.F_ws/install/example_bringup/lib/python3.10/site-packages/example_bringup-0.0.0-py3.10.egg-info' (and everything under it)
[6.048s] Copying ../../build/example_bringup/example_bringup.egg-info to /home/robousr/proyecto.F_ws/install/example_bringup/lib/python3.10/site-packages/example_bringup-0.0.0-py3.10.egg-info
[6.051s] running install_scripts
[6.124s] Installing rrr_position_test script to /home/robousr/proyecto.F_ws/install/example_bringup/lib/example_bringup
[6.126s] Installing rrr_trajectory_test script to /home/robousr/proyecto.F_ws/install/example_bringup/lib/example_bringup
[6.133s] Installing scara_position_test script to /home/robousr/proyecto.F_ws/install/example_bringup/lib/example_bringup
[6.135s] Installing scara_trajectory_test script to /home/robousr/proyecto.F_ws/install/example_bringup/lib/example_bringup
[6.138s] writing list of installed files to '/home/robousr/proyecto.F_ws/build/example_bringup/install.log'
[6.236s] Invoked command in '/home/robousr/proyecto.F_ws/src/example_bringup' returned '0': PYTHONPATH=/home/robousr/proyecto.F_ws/build/example_bringup/prefix_override:/usr/lib/python3/dist-packages/colcon_core/task/python/colcon_distutils_commands:/home/robousr/proyecto.F_ws/install/example_bringup/lib/python3.10/site-packages:${PYTHONPATH} /usr/bin/python3 -W ignore:setup.py install is deprecated setup.py egg_info --egg-base ../../build/example_bringup build --build-base /home/robousr/proyecto.F_ws/build/example_bringup/build install --record /home/robousr/proyecto.F_ws/build/example_bringup/install.log --single-version-externally-managed install_data
