/home/robousr/proyecto.F_ws/install/example_bringup/lib/python3.10/site-packages/example_bringup/scara_position_test.py
/home/robousr/proyecto.F_ws/install/example_bringup/lib/python3.10/site-packages/example_bringup/trayectory_generator.py
/home/robousr/proyecto.F_ws/install/example_bringup/lib/python3.10/site-packages/example_bringup/__init__.py
/home/robousr/proyecto.F_ws/install/example_bringup/lib/python3.10/site-packages/example_bringup/rrr_trajectory_test.py
/home/robousr/proyecto.F_ws/install/example_bringup/lib/python3.10/site-packages/example_bringup/rrr_position_test.py
/home/robousr/proyecto.F_ws/install/example_bringup/lib/python3.10/site-packages/example_bringup/trayectory_node.py
/home/robousr/proyecto.F_ws/install/example_bringup/lib/python3.10/site-packages/example_bringup/scara_trajectory_test.py
/home/robousr/proyecto.F_ws/install/example_bringup/lib/python3.10/site-packages/example_bringup/__pycache__/scara_position_test.cpython-310.pyc
/home/robousr/proyecto.F_ws/install/example_bringup/lib/python3.10/site-packages/example_bringup/__pycache__/trayectory_generator.cpython-310.pyc
/home/robousr/proyecto.F_ws/install/example_bringup/lib/python3.10/site-packages/example_bringup/__pycache__/__init__.cpython-310.pyc
/home/robousr/proyecto.F_ws/install/example_bringup/lib/python3.10/site-packages/example_bringup/__pycache__/rrr_trajectory_test.cpython-310.pyc
/home/robousr/proyecto.F_ws/install/example_bringup/lib/python3.10/site-packages/example_bringup/__pycache__/rrr_position_test.cpython-310.pyc
/home/robousr/proyecto.F_ws/install/example_bringup/lib/python3.10/site-packages/example_bringup/__pycache__/trayectory_node.cpython-310.pyc
/home/robousr/proyecto.F_ws/install/example_bringup/lib/python3.10/site-packages/example_bringup/__pycache__/scara_trajectory_test.cpython-310.pyc
/home/robousr/proyecto.F_ws/install/example_bringup/share/ament_index/resource_index/packages/example_bringup
/home/robousr/proyecto.F_ws/install/example_bringup/share/example_bringup/package.xml
/home/robousr/proyecto.F_ws/install/example_bringup/share/example_bringup/launch/rrr_effort_controller.launch.py
/home/robousr/proyecto.F_ws/install/example_bringup/share/example_bringup/launch/scara_effort_controller.launch.py
/home/robousr/proyecto.F_ws/install/example_bringup/share/example_bringup/launch/scara_trajectory_controller.launch.py
/home/robousr/proyecto.F_ws/install/example_bringup/share/example_bringup/launch/rrr_position_controller.launch.py
/home/robousr/proyecto.F_ws/install/example_bringup/share/example_bringup/launch/rrr_trajectory_controller.launch.py
/home/robousr/proyecto.F_ws/install/example_bringup/share/example_bringup/launch/scara_position_controller.launch.py
/home/robousr/proyecto.F_ws/install/example_bringup/lib/python3.10/site-packages/example_bringup-0.0.0-py3.10.egg-info/dependency_links.txt
/home/robousr/proyecto.F_ws/install/example_bringup/lib/python3.10/site-packages/example_bringup-0.0.0-py3.10.egg-info/PKG-INFO
/home/robousr/proyecto.F_ws/install/example_bringup/lib/python3.10/site-packages/example_bringup-0.0.0-py3.10.egg-info/zip-safe
/home/robousr/proyecto.F_ws/install/example_bringup/lib/python3.10/site-packages/example_bringup-0.0.0-py3.10.egg-info/entry_points.txt
/home/robousr/proyecto.F_ws/install/example_bringup/lib/python3.10/site-packages/example_bringup-0.0.0-py3.10.egg-info/top_level.txt
/home/robousr/proyecto.F_ws/install/example_bringup/lib/python3.10/site-packages/example_bringup-0.0.0-py3.10.egg-info/SOURCES.txt
/home/robousr/proyecto.F_ws/install/example_bringup/lib/python3.10/site-packages/example_bringup-0.0.0-py3.10.egg-info/requires.txt
/home/robousr/proyecto.F_ws/install/example_bringup/lib/example_bringup/rrr_position_test
/home/robousr/proyecto.F_ws/install/example_bringup/lib/example_bringup/rrr_trajectory_test
/home/robousr/proyecto.F_ws/install/example_bringup/lib/example_bringup/scara_position_test
/home/robousr/proyecto.F_ws/install/example_bringup/lib/example_bringup/scara_trajectory_test
