[0.551s] Invoking command in '/home/han/proyect_ws/src/example_description': PYTHONPATH=/home/han/proyect_ws/build/example_description/prefix_override:/usr/lib/python3/dist-packages/colcon_core/task/python/colcon_distutils_commands:/home/han/proyect_ws/install/example_description/lib/python3.10/site-packages:${PYTHONPATH} /usr/bin/python3 -W ignore:setup.py install is deprecated -W ignore:easy_install command is deprecated setup.py egg_info --egg-base ../../build/example_description build --build-base /home/han/proyect_ws/build/example_description/build install --record /home/han/proyect_ws/build/example_description/install.log --single-version-externally-managed install_data
[0.687s] running egg_info
[0.688s] writing ../../build/example_description/example_description.egg-info/PKG-INFO
[0.688s] writing dependency_links to ../../build/example_description/example_description.egg-info/dependency_links.txt
[0.688s] writing entry points to ../../build/example_description/example_description.egg-info/entry_points.txt
[0.689s] writing requirements to ../../build/example_description/example_description.egg-info/requires.txt
[0.689s] writing top-level names to ../../build/example_description/example_description.egg-info/top_level.txt
[0.690s] reading manifest file '../../build/example_description/example_description.egg-info/SOURCES.txt'
[0.691s] writing manifest file '../../build/example_description/example_description.egg-info/SOURCES.txt'
[0.691s] running build
[0.691s] running build_py
[0.691s] running install
[0.691s] running install_lib
[0.692s] running install_data
[0.692s] copying urdf/scara_full_robot_stl.urdf -> /home/han/proyect_ws/install/example_description/share/example_description/urdf
[0.692s] running install_egg_info
[0.693s] removing '/home/han/proyect_ws/install/example_description/lib/python3.10/site-packages/example_description-0.0.0-py3.10.egg-info' (and everything under it)
[0.693s] Copying ../../build/example_description/example_description.egg-info to /home/han/proyect_ws/install/example_description/lib/python3.10/site-packages/example_description-0.0.0-py3.10.egg-info
[0.694s] running install_scripts
[0.706s] writing list of installed files to '/home/han/proyect_ws/build/example_description/install.log'
[0.725s] Invoked command in '/home/han/proyect_ws/src/example_description' returned '0': PYTHONPATH=/home/han/proyect_ws/build/example_description/prefix_override:/usr/lib/python3/dist-packages/colcon_core/task/python/colcon_distutils_commands:/home/han/proyect_ws/install/example_description/lib/python3.10/site-packages:${PYTHONPATH} /usr/bin/python3 -W ignore:setup.py install is deprecated -W ignore:easy_install command is deprecated setup.py egg_info --egg-base ../../build/example_description build --build-base /home/han/proyect_ws/build/example_description/build install --record /home/han/proyect_ws/build/example_description/install.log --single-version-externally-managed install_data
