[1.178s] DEBUG:colcon:Command line arguments: ['/usr/bin/colcon', 'list', '-p', '--base-paths', '/home/robousr/proyecto.F_ws']
[1.179s] DEBUG:colcon:Parsed command line arguments: Namespace(log_base=None, log_level=None, verb_name='list', build_base='build', ignore_user_meta=False, metas=['./colcon.meta'], base_paths=['/home/robousr/proyecto.F_ws'], packages_ignore=None, packages_ignore_regex=None, paths=None, packages_up_to=None, packages_up_to_regex=None, packages_above=None, packages_above_and_dependencies=None, packages_above_depth=None, packages_select_by_dep=None, packages_skip_by_dep=None, packages_skip_up_to=None, packages_select_build_failed=False, packages_skip_build_finished=False, packages_select_test_failures=False, packages_skip_test_passed=False, packages_select=None, packages_skip=None, packages_select_regex=None, packages_skip_regex=None, packages_start=None, packages_end=None, allow_overriding=[], topological_order=False, names_only=False, paths_only=True, topological_graph=False, topological_graph_dot=False, topological_graph_density=False, topological_graph_legend=False, topological_graph_dot_cluster=False, topological_graph_dot_include_skipped=False, mixin_files=None, mixin=None, verb_parser=<colcon_mixin.mixin.mixin_argument.MixinArgumentDecorator object at 0x7ad0e918c580>, verb_extension=<colcon_package_information.verb.list.ListVerb object at 0x7ad0e914b6a0>, main=<bound method ListVerb.main of <colcon_package_information.verb.list.ListVerb object at 0x7ad0e914b6a0>>, mixin_verb=('list',))
[3.593s] Level 1:colcon.colcon_core.package_discovery:discover_packages(colcon_meta) check parameters
[3.593s] Level 1:colcon.colcon_core.package_discovery:discover_packages(recursive) check parameters
[3.593s] Level 1:colcon.colcon_core.package_discovery:discover_packages(ignore) check parameters
[3.593s] Level 1:colcon.colcon_core.package_discovery:discover_packages(path) check parameters
[3.593s] Level 1:colcon.colcon_core.package_discovery:discover_packages(recursive) discover
[3.593s] INFO:colcon.colcon_core.package_discovery:Crawling recursively for packages in '/home/robousr/proyecto.F_ws'
[3.594s] Level 1:colcon.colcon_core.package_identification:_identify(/home/robousr/proyecto.F_ws) by extensions ['ignore', 'ignore_ament_install']
[3.594s] Level 1:colcon.colcon_core.package_identification:_identify(/home/robousr/proyecto.F_ws) by extension 'ignore'
[3.594s] Level 1:colcon.colcon_core.package_identification:_identify(/home/robousr/proyecto.F_ws) by extension 'ignore_ament_install'
[3.594s] Level 1:colcon.colcon_core.package_identification:_identify(/home/robousr/proyecto.F_ws) by extensions ['colcon_pkg']
[3.594s] Level 1:colcon.colcon_core.package_identification:_identify(/home/robousr/proyecto.F_ws) by extension 'colcon_pkg'
[3.595s] Level 1:colcon.colcon_core.package_identification:_identify(/home/robousr/proyecto.F_ws) by extensions ['colcon_meta']
[3.595s] Level 1:colcon.colcon_core.package_identification:_identify(/home/robousr/proyecto.F_ws) by extension 'colcon_meta'
[3.595s] Level 1:colcon.colcon_core.package_identification:_identify(/home/robousr/proyecto.F_ws) by extensions ['ros']
[3.595s] Level 1:colcon.colcon_core.package_identification:_identify(/home/robousr/proyecto.F_ws) by extension 'ros'
[3.633s] Level 1:colcon.colcon_core.package_identification:_identify(/home/robousr/proyecto.F_ws) by extensions ['cmake', 'python']
[3.633s] Level 1:colcon.colcon_core.package_identification:_identify(/home/robousr/proyecto.F_ws) by extension 'cmake'
[3.633s] Level 1:colcon.colcon_core.package_identification:_identify(/home/robousr/proyecto.F_ws) by extension 'python'
[3.634s] Level 1:colcon.colcon_core.package_identification:_identify(/home/robousr/proyecto.F_ws) by extensions ['python_setup_py']
[3.634s] Level 1:colcon.colcon_core.package_identification:_identify(/home/robousr/proyecto.F_ws) by extension 'python_setup_py'
[3.634s] Level 1:colcon.colcon_core.package_identification:_identify(/home/robousr/proyecto.F_ws/build) by extensions ['ignore', 'ignore_ament_install']
[3.634s] Level 1:colcon.colcon_core.package_identification:_identify(/home/robousr/proyecto.F_ws/build) by extension 'ignore'
[3.634s] Level 1:colcon.colcon_core.package_identification:_identify(/home/robousr/proyecto.F_ws/build) ignored
[3.635s] Level 1:colcon.colcon_core.package_identification:_identify(/home/robousr/proyecto.F_ws/install) by extensions ['ignore', 'ignore_ament_install']
[3.635s] Level 1:colcon.colcon_core.package_identification:_identify(/home/robousr/proyecto.F_ws/install) by extension 'ignore'
[3.635s] Level 1:colcon.colcon_core.package_identification:_identify(/home/robousr/proyecto.F_ws/install) ignored
[3.635s] Level 1:colcon.colcon_core.package_identification:_identify(/home/robousr/proyecto.F_ws/log) by extensions ['ignore', 'ignore_ament_install']
[3.635s] Level 1:colcon.colcon_core.package_identification:_identify(/home/robousr/proyecto.F_ws/log) by extension 'ignore'
[3.635s] Level 1:colcon.colcon_core.package_identification:_identify(/home/robousr/proyecto.F_ws/log) ignored
[3.641s] Level 1:colcon.colcon_core.package_identification:_identify(/home/robousr/proyecto.F_ws/src) by extensions ['ignore', 'ignore_ament_install']
[3.646s] Level 1:colcon.colcon_core.package_identification:_identify(/home/robousr/proyecto.F_ws/src) by extension 'ignore'
[3.646s] Level 1:colcon.colcon_core.package_identification:_identify(/home/robousr/proyecto.F_ws/src) by extension 'ignore_ament_install'
[3.646s] Level 1:colcon.colcon_core.package_identification:_identify(/home/robousr/proyecto.F_ws/src) by extensions ['colcon_pkg']
[3.646s] Level 1:colcon.colcon_core.package_identification:_identify(/home/robousr/proyecto.F_ws/src) by extension 'colcon_pkg'
[3.646s] Level 1:colcon.colcon_core.package_identification:_identify(/home/robousr/proyecto.F_ws/src) by extensions ['colcon_meta']
[3.646s] Level 1:colcon.colcon_core.package_identification:_identify(/home/robousr/proyecto.F_ws/src) by extension 'colcon_meta'
[3.647s] Level 1:colcon.colcon_core.package_identification:_identify(/home/robousr/proyecto.F_ws/src) by extensions ['ros']
[3.647s] Level 1:colcon.colcon_core.package_identification:_identify(/home/robousr/proyecto.F_ws/src) by extension 'ros'
[3.647s] Level 1:colcon.colcon_core.package_identification:_identify(/home/robousr/proyecto.F_ws/src) by extensions ['cmake', 'python']
[3.647s] Level 1:colcon.colcon_core.package_identification:_identify(/home/robousr/proyecto.F_ws/src) by extension 'cmake'
[3.647s] Level 1:colcon.colcon_core.package_identification:_identify(/home/robousr/proyecto.F_ws/src) by extension 'python'
[3.647s] Level 1:colcon.colcon_core.package_identification:_identify(/home/robousr/proyecto.F_ws/src) by extensions ['python_setup_py']
[3.647s] Level 1:colcon.colcon_core.package_identification:_identify(/home/robousr/proyecto.F_ws/src) by extension 'python_setup_py'
[3.647s] Level 1:colcon.colcon_core.package_identification:_identify(/home/robousr/proyecto.F_ws/src/example_bringup) by extensions ['ignore', 'ignore_ament_install']
[3.647s] Level 1:colcon.colcon_core.package_identification:_identify(/home/robousr/proyecto.F_ws/src/example_bringup) by extension 'ignore'
[3.648s] Level 1:colcon.colcon_core.package_identification:_identify(/home/robousr/proyecto.F_ws/src/example_bringup) by extension 'ignore_ament_install'
[3.648s] Level 1:colcon.colcon_core.package_identification:_identify(/home/robousr/proyecto.F_ws/src/example_bringup) by extensions ['colcon_pkg']
[3.648s] Level 1:colcon.colcon_core.package_identification:_identify(/home/robousr/proyecto.F_ws/src/example_bringup) by extension 'colcon_pkg'
[3.648s] Level 1:colcon.colcon_core.package_identification:_identify(/home/robousr/proyecto.F_ws/src/example_bringup) by extensions ['colcon_meta']
[3.648s] Level 1:colcon.colcon_core.package_identification:_identify(/home/robousr/proyecto.F_ws/src/example_bringup) by extension 'colcon_meta'
[3.648s] Level 1:colcon.colcon_core.package_identification:_identify(/home/robousr/proyecto.F_ws/src/example_bringup) by extensions ['ros']
[3.648s] Level 1:colcon.colcon_core.package_identification:_identify(/home/robousr/proyecto.F_ws/src/example_bringup) by extension 'ros'
[3.654s] DEBUG:colcon.colcon_core.package_identification:Package '/home/robousr/proyecto.F_ws/src/example_bringup' with type 'ros.ament_python' and name 'example_bringup'
[3.654s] Level 1:colcon.colcon_core.package_identification:_identify(/home/robousr/proyecto.F_ws/src/example_description) by extensions ['ignore', 'ignore_ament_install']
[3.654s] Level 1:colcon.colcon_core.package_identification:_identify(/home/robousr/proyecto.F_ws/src/example_description) by extension 'ignore'
[3.654s] Level 1:colcon.colcon_core.package_identification:_identify(/home/robousr/proyecto.F_ws/src/example_description) by extension 'ignore_ament_install'
[3.655s] Level 1:colcon.colcon_core.package_identification:_identify(/home/robousr/proyecto.F_ws/src/example_description) by extensions ['colcon_pkg']
[3.655s] Level 1:colcon.colcon_core.package_identification:_identify(/home/robousr/proyecto.F_ws/src/example_description) by extension 'colcon_pkg'
[3.655s] Level 1:colcon.colcon_core.package_identification:_identify(/home/robousr/proyecto.F_ws/src/example_description) by extensions ['colcon_meta']
[3.655s] Level 1:colcon.colcon_core.package_identification:_identify(/home/robousr/proyecto.F_ws/src/example_description) by extension 'colcon_meta'
[3.655s] Level 1:colcon.colcon_core.package_identification:_identify(/home/robousr/proyecto.F_ws/src/example_description) by extensions ['ros']
[3.655s] Level 1:colcon.colcon_core.package_identification:_identify(/home/robousr/proyecto.F_ws/src/example_description) by extension 'ros'
[3.656s] DEBUG:colcon.colcon_core.package_identification:Package '/home/robousr/proyecto.F_ws/src/example_description' with type 'ros.ament_python' and name 'example_description'
[3.656s] Level 1:colcon.colcon_core.package_discovery:discover_packages(recursive) using defaults
