[0.499s] DEBUG:colcon:Command line arguments: ['/usr/bin/colcon', 'build']
[0.500s] DEBUG:colcon:Parsed command line arguments: Namespace(log_base=None, log_level=None, verb_name='build', build_base='build', install_base='install', merge_install=False, symlink_install=False, test_result_base=None, continue_on_error=False, executor='parallel', parallel_workers=2, event_handlers=None, ignore_user_meta=False, metas=['./colcon.meta'], base_paths=['.'], packages_ignore=None, packages_ignore_regex=None, paths=None, packages_up_to=None, packages_up_to_regex=None, packages_above=None, packages_above_and_dependencies=None, packages_above_depth=None, packages_select_by_dep=None, packages_skip_by_dep=None, packages_skip_up_to=None, packages_select_build_failed=False, packages_skip_build_finished=False, packages_select_test_failures=False, packages_skip_test_passed=False, packages_select=None, packages_skip=None, packages_select_regex=None, packages_skip_regex=None, packages_start=None, packages_end=None, allow_overriding=[], cmake_args=None, cmake_target=None, cmake_target_skip_unavailable=False, cmake_clean_cache=False, cmake_clean_first=False, cmake_force_configure=False, ament_cmake_args=None, catkin_cmake_args=None, catkin_skip_building_tests=False, mixin_files=None, mixin=None, verb_parser=<colcon_mixin.mixin.mixin_argument.MixinArgumentDecorator object at 0x7e15d522fb20>, verb_extension=<colcon_core.verb.build.BuildVerb object at 0x7e15d522f5e0>, main=<bound method BuildVerb.main of <colcon_core.verb.build.BuildVerb object at 0x7e15d522f5e0>>, mixin_verb=('build',))
[1.193s] Level 1:colcon.colcon_core.package_discovery:discover_packages(colcon_meta) check parameters
[1.198s] Level 1:colcon.colcon_core.package_discovery:discover_packages(recursive) check parameters
[1.198s] Level 1:colcon.colcon_core.package_discovery:discover_packages(ignore) check parameters
[1.198s] Level 1:colcon.colcon_core.package_discovery:discover_packages(path) check parameters
[1.198s] Level 1:colcon.colcon_core.package_discovery:discover_packages(colcon_meta) discover
[1.199s] Level 1:colcon.colcon_core.package_discovery:discover_packages(recursive) discover
[1.200s] INFO:colcon.colcon_core.package_discovery:Crawling recursively for packages in '/home/robousr/proyecto.F_ws'
[1.200s] Level 1:colcon.colcon_core.package_identification:_identify(.) by extensions ['ignore', 'ignore_ament_install']
[1.201s] Level 1:colcon.colcon_core.package_identification:_identify(.) by extension 'ignore'
[1.201s] Level 1:colcon.colcon_core.package_identification:_identify(.) by extension 'ignore_ament_install'
[1.201s] Level 1:colcon.colcon_core.package_identification:_identify(.) by extensions ['colcon_pkg']
[1.201s] Level 1:colcon.colcon_core.package_identification:_identify(.) by extension 'colcon_pkg'
[1.201s] Level 1:colcon.colcon_core.package_identification:_identify(.) by extensions ['colcon_meta']
[1.201s] Level 1:colcon.colcon_core.package_identification:_identify(.) by extension 'colcon_meta'
[1.201s] Level 1:colcon.colcon_core.package_identification:_identify(.) by extensions ['ros']
[1.201s] Level 1:colcon.colcon_core.package_identification:_identify(.) by extension 'ros'
[1.269s] Level 1:colcon.colcon_core.package_identification:_identify(.) by extensions ['cmake', 'python']
[1.270s] Level 1:colcon.colcon_core.package_identification:_identify(.) by extension 'cmake'
[1.270s] Level 1:colcon.colcon_core.package_identification:_identify(.) by extension 'python'
[1.270s] Level 1:colcon.colcon_core.package_identification:_identify(.) by extensions ['python_setup_py']
[1.270s] Level 1:colcon.colcon_core.package_identification:_identify(.) by extension 'python_setup_py'
[1.271s] Level 1:colcon.colcon_core.package_identification:_identify(build) by extensions ['ignore', 'ignore_ament_install']
[1.271s] Level 1:colcon.colcon_core.package_identification:_identify(build) by extension 'ignore'
[1.271s] Level 1:colcon.colcon_core.package_identification:_identify(build) ignored
[1.272s] Level 1:colcon.colcon_core.package_identification:_identify(install) by extensions ['ignore', 'ignore_ament_install']
[1.272s] Level 1:colcon.colcon_core.package_identification:_identify(install) by extension 'ignore'
[1.273s] Level 1:colcon.colcon_core.package_identification:_identify(install) ignored
[1.277s] Level 1:colcon.colcon_core.package_identification:_identify(log) by extensions ['ignore', 'ignore_ament_install']
[1.280s] Level 1:colcon.colcon_core.package_identification:_identify(log) by extension 'ignore'
[1.280s] Level 1:colcon.colcon_core.package_identification:_identify(log) ignored
[1.281s] Level 1:colcon.colcon_core.package_identification:_identify(src) by extensions ['ignore', 'ignore_ament_install']
[1.282s] Level 1:colcon.colcon_core.package_identification:_identify(src) by extension 'ignore'
[1.282s] Level 1:colcon.colcon_core.package_identification:_identify(src) by extension 'ignore_ament_install'
[1.283s] Level 1:colcon.colcon_core.package_identification:_identify(src) by extensions ['colcon_pkg']
[1.283s] Level 1:colcon.colcon_core.package_identification:_identify(src) by extension 'colcon_pkg'
[1.283s] Level 1:colcon.colcon_core.package_identification:_identify(src) by extensions ['colcon_meta']
[1.283s] Level 1:colcon.colcon_core.package_identification:_identify(src) by extension 'colcon_meta'
[1.283s] Level 1:colcon.colcon_core.package_identification:_identify(src) by extensions ['ros']
[1.283s] Level 1:colcon.colcon_core.package_identification:_identify(src) by extension 'ros'
[1.283s] Level 1:colcon.colcon_core.package_identification:_identify(src) by extensions ['cmake', 'python']
[1.283s] Level 1:colcon.colcon_core.package_identification:_identify(src) by extension 'cmake'
[1.284s] Level 1:colcon.colcon_core.package_identification:_identify(src) by extension 'python'
[1.284s] Level 1:colcon.colcon_core.package_identification:_identify(src) by extensions ['python_setup_py']
[1.284s] Level 1:colcon.colcon_core.package_identification:_identify(src) by extension 'python_setup_py'
[1.284s] Level 1:colcon.colcon_core.package_identification:_identify(src/example_bringup) by extensions ['ignore', 'ignore_ament_install']
[1.284s] Level 1:colcon.colcon_core.package_identification:_identify(src/example_bringup) by extension 'ignore'
[1.284s] Level 1:colcon.colcon_core.package_identification:_identify(src/example_bringup) by extension 'ignore_ament_install'
[1.284s] Level 1:colcon.colcon_core.package_identification:_identify(src/example_bringup) by extensions ['colcon_pkg']
[1.285s] Level 1:colcon.colcon_core.package_identification:_identify(src/example_bringup) by extension 'colcon_pkg'
[1.285s] Level 1:colcon.colcon_core.package_identification:_identify(src/example_bringup) by extensions ['colcon_meta']
[1.285s] Level 1:colcon.colcon_core.package_identification:_identify(src/example_bringup) by extension 'colcon_meta'
[1.285s] Level 1:colcon.colcon_core.package_identification:_identify(src/example_bringup) by extensions ['ros']
[1.285s] Level 1:colcon.colcon_core.package_identification:_identify(src/example_bringup) by extension 'ros'
[1.299s] DEBUG:colcon.colcon_core.package_identification:Package 'src/example_bringup' with type 'ros.ament_python' and name 'example_bringup'
[1.301s] Level 1:colcon.colcon_core.package_identification:_identify(src/example_description) by extensions ['ignore', 'ignore_ament_install']
[1.301s] Level 1:colcon.colcon_core.package_identification:_identify(src/example_description) by extension 'ignore'
[1.301s] Level 1:colcon.colcon_core.package_identification:_identify(src/example_description) by extension 'ignore_ament_install'
[1.302s] Level 1:colcon.colcon_core.package_identification:_identify(src/example_description) by extensions ['colcon_pkg']
[1.302s] Level 1:colcon.colcon_core.package_identification:_identify(src/example_description) by extension 'colcon_pkg'
[1.302s] Level 1:colcon.colcon_core.package_identification:_identify(src/example_description) by extensions ['colcon_meta']
[1.302s] Level 1:colcon.colcon_core.package_identification:_identify(src/example_description) by extension 'colcon_meta'
[1.302s] Level 1:colcon.colcon_core.package_identification:_identify(src/example_description) by extensions ['ros']
[1.302s] Level 1:colcon.colcon_core.package_identification:_identify(src/example_description) by extension 'ros'
[1.304s] DEBUG:colcon.colcon_core.package_identification:Package 'src/example_description' with type 'ros.ament_python' and name 'example_description'
[1.304s] Level 1:colcon.colcon_core.package_discovery:discover_packages(recursive) using defaults
[1.305s] Level 1:colcon.colcon_core.package_discovery:discover_packages(ignore) discover
[1.305s] Level 1:colcon.colcon_core.package_discovery:discover_packages(ignore) using defaults
[1.305s] Level 1:colcon.colcon_core.package_discovery:discover_packages(path) discover
[1.305s] Level 1:colcon.colcon_core.package_discovery:discover_packages(path) using defaults
[1.383s] Level 1:colcon.colcon_core.package_discovery:discover_packages(prefix_path) check parameters
[1.383s] Level 1:colcon.colcon_core.package_discovery:discover_packages(prefix_path) discover
[1.400s] DEBUG:colcon.colcon_installed_package_information.package_discovery:Found 321 installed packages in /opt/ros/humble
[1.405s] Level 1:colcon.colcon_core.package_discovery:discover_packages(prefix_path) using defaults
[1.558s] Level 5:colcon.colcon_core.verb:set package 'example_bringup' build argument 'cmake_args' from command line to 'None'
[1.558s] Level 5:colcon.colcon_core.verb:set package 'example_bringup' build argument 'cmake_target' from command line to 'None'
[1.558s] Level 5:colcon.colcon_core.verb:set package 'example_bringup' build argument 'cmake_target_skip_unavailable' from command line to 'False'
[1.558s] Level 5:colcon.colcon_core.verb:set package 'example_bringup' build argument 'cmake_clean_cache' from command line to 'False'
[1.558s] Level 5:colcon.colcon_core.verb:set package 'example_bringup' build argument 'cmake_clean_first' from command line to 'False'
[1.558s] Level 5:colcon.colcon_core.verb:set package 'example_bringup' build argument 'cmake_force_configure' from command line to 'False'
[1.558s] Level 5:colcon.colcon_core.verb:set package 'example_bringup' build argument 'ament_cmake_args' from command line to 'None'
[1.558s] Level 5:colcon.colcon_core.verb:set package 'example_bringup' build argument 'catkin_cmake_args' from command line to 'None'
[1.558s] Level 5:colcon.colcon_core.verb:set package 'example_bringup' build argument 'catkin_skip_building_tests' from command line to 'False'
[1.559s] DEBUG:colcon.colcon_core.verb:Building package 'example_bringup' with the following arguments: {'ament_cmake_args': None, 'build_base': '/home/robousr/proyecto.F_ws/build/example_bringup', 'catkin_cmake_args': None, 'catkin_skip_building_tests': False, 'cmake_args': None, 'cmake_clean_cache': False, 'cmake_clean_first': False, 'cmake_force_configure': False, 'cmake_target': None, 'cmake_target_skip_unavailable': False, 'install_base': '/home/robousr/proyecto.F_ws/install/example_bringup', 'merge_install': False, 'path': '/home/robousr/proyecto.F_ws/src/example_bringup', 'symlink_install': False, 'test_result_base': None}
[1.560s] Level 5:colcon.colcon_core.verb:set package 'example_description' build argument 'cmake_args' from command line to 'None'
[1.560s] Level 5:colcon.colcon_core.verb:set package 'example_description' build argument 'cmake_target' from command line to 'None'
[1.560s] Level 5:colcon.colcon_core.verb:set package 'example_description' build argument 'cmake_target_skip_unavailable' from command line to 'False'
[1.560s] Level 5:colcon.colcon_core.verb:set package 'example_description' build argument 'cmake_clean_cache' from command line to 'False'
[1.560s] Level 5:colcon.colcon_core.verb:set package 'example_description' build argument 'cmake_clean_first' from command line to 'False'
[1.560s] Level 5:colcon.colcon_core.verb:set package 'example_description' build argument 'cmake_force_configure' from command line to 'False'
[1.560s] Level 5:colcon.colcon_core.verb:set package 'example_description' build argument 'ament_cmake_args' from command line to 'None'
[1.560s] Level 5:colcon.colcon_core.verb:set package 'example_description' build argument 'catkin_cmake_args' from command line to 'None'
[1.560s] Level 5:colcon.colcon_core.verb:set package 'example_description' build argument 'catkin_skip_building_tests' from command line to 'False'
[1.560s] DEBUG:colcon.colcon_core.verb:Building package 'example_description' with the following arguments: {'ament_cmake_args': None, 'build_base': '/home/robousr/proyecto.F_ws/build/example_description', 'catkin_cmake_args': None, 'catkin_skip_building_tests': False, 'cmake_args': None, 'cmake_clean_cache': False, 'cmake_clean_first': False, 'cmake_force_configure': False, 'cmake_target': None, 'cmake_target_skip_unavailable': False, 'install_base': '/home/robousr/proyecto.F_ws/install/example_description', 'merge_install': False, 'path': '/home/robousr/proyecto.F_ws/src/example_description', 'symlink_install': False, 'test_result_base': None}
[1.561s] INFO:colcon.colcon_core.executor:Executing jobs using 'parallel' executor
[1.564s] DEBUG:colcon.colcon_parallel_executor.executor.parallel:run_until_complete
[1.565s] INFO:colcon.colcon_ros.task.ament_python.build:Building ROS package in '/home/robousr/proyecto.F_ws/src/example_bringup' with build type 'ament_python'
[1.567s] Level 1:colcon.colcon_core.shell:create_environment_hook('example_bringup', 'ament_prefix_path')
[1.591s] INFO:colcon.colcon_core.plugin_system:Skipping extension 'colcon_core.shell.bat': Not used on non-Windows systems
[1.592s] INFO:colcon.colcon_core.shell:Creating environment hook '/home/robousr/proyecto.F_ws/install/example_bringup/share/example_bringup/hook/ament_prefix_path.ps1'
[1.604s] INFO:colcon.colcon_core.shell:Creating environment descriptor '/home/robousr/proyecto.F_ws/install/example_bringup/share/example_bringup/hook/ament_prefix_path.dsv'
[1.608s] INFO:colcon.colcon_core.shell:Creating environment hook '/home/robousr/proyecto.F_ws/install/example_bringup/share/example_bringup/hook/ament_prefix_path.sh'
[1.617s] INFO:colcon.colcon_core.shell:Skip shell extension 'powershell' for command environment: Not usable outside of PowerShell
[1.617s] DEBUG:colcon.colcon_core.shell:Skip shell extension 'dsv' for command environment
[1.633s] INFO:colcon.colcon_ros.task.ament_python.build:Building ROS package in '/home/robousr/proyecto.F_ws/src/example_description' with build type 'ament_python'
[1.634s] Level 1:colcon.colcon_core.shell:create_environment_hook('example_description', 'ament_prefix_path')
[1.635s] INFO:colcon.colcon_core.shell:Creating environment hook '/home/robousr/proyecto.F_ws/install/example_description/share/example_description/hook/ament_prefix_path.ps1'
[1.639s] INFO:colcon.colcon_core.shell:Creating environment descriptor '/home/robousr/proyecto.F_ws/install/example_description/share/example_description/hook/ament_prefix_path.dsv'
[1.641s] INFO:colcon.colcon_core.shell:Creating environment hook '/home/robousr/proyecto.F_ws/install/example_description/share/example_description/hook/ament_prefix_path.sh'
[1.645s] INFO:colcon.colcon_core.shell:Skip shell extension 'powershell' for command environment: Not usable outside of PowerShell
[1.645s] DEBUG:colcon.colcon_core.shell:Skip shell extension 'dsv' for command environment
[2.655s] INFO:colcon.colcon_core.task.python.build:Building Python package in '/home/robousr/proyecto.F_ws/src/example_bringup'
[2.656s] INFO:colcon.colcon_core.shell:Skip shell extension 'powershell' for command environment: Not usable outside of PowerShell
[2.656s] DEBUG:colcon.colcon_core.shell:Skip shell extension 'dsv' for command environment
[3.605s] INFO:colcon.colcon_core.task.python.build:Building Python package in '/home/robousr/proyecto.F_ws/src/example_description'
[3.605s] INFO:colcon.colcon_core.shell:Skip shell extension 'powershell' for command environment: Not usable outside of PowerShell
[3.606s] DEBUG:colcon.colcon_core.shell:Skip shell extension 'dsv' for command environment
[6.178s] DEBUG:colcon.colcon_core.event_handler.log_command:Invoking command in '/home/robousr/proyecto.F_ws/src/example_description': PYTHONPATH=/home/robousr/proyecto.F_ws/build/example_description/prefix_override:/usr/lib/python3/dist-packages/colcon_core/task/python/colcon_distutils_commands:/home/robousr/proyecto.F_ws/install/example_description/lib/python3.10/site-packages:${PYTHONPATH} /usr/bin/python3 -W ignore:setup.py install is deprecated setup.py egg_info --egg-base ../../build/example_description build --build-base /home/robousr/proyecto.F_ws/build/example_description/build install --record /home/robousr/proyecto.F_ws/build/example_description/install.log --single-version-externally-managed install_data
[6.252s] DEBUG:colcon.colcon_core.event_handler.log_command:Invoking command in '/home/robousr/proyecto.F_ws/src/example_bringup': PYTHONPATH=/home/robousr/proyecto.F_ws/build/example_bringup/prefix_override:/usr/lib/python3/dist-packages/colcon_core/task/python/colcon_distutils_commands:/home/robousr/proyecto.F_ws/install/example_bringup/lib/python3.10/site-packages:${PYTHONPATH} /usr/bin/python3 -W ignore:setup.py install is deprecated setup.py egg_info --egg-base ../../build/example_bringup build --build-base /home/robousr/proyecto.F_ws/build/example_bringup/build install --record /home/robousr/proyecto.F_ws/build/example_bringup/install.log --single-version-externally-managed install_data
[7.804s] DEBUG:colcon.colcon_core.event_handler.log_command:Invoked command in '/home/robousr/proyecto.F_ws/src/example_bringup' returned '0': PYTHONPATH=/home/robousr/proyecto.F_ws/build/example_bringup/prefix_override:/usr/lib/python3/dist-packages/colcon_core/task/python/colcon_distutils_commands:/home/robousr/proyecto.F_ws/install/example_bringup/lib/python3.10/site-packages:${PYTHONPATH} /usr/bin/python3 -W ignore:setup.py install is deprecated setup.py egg_info --egg-base ../../build/example_bringup build --build-base /home/robousr/proyecto.F_ws/build/example_bringup/build install --record /home/robousr/proyecto.F_ws/build/example_bringup/install.log --single-version-externally-managed install_data
[7.826s] Level 1:colcon.colcon_core.environment:checking '/home/robousr/proyecto.F_ws/install/example_bringup' for CMake module files
[7.828s] Level 1:colcon.colcon_core.environment:checking '/home/robousr/proyecto.F_ws/install/example_bringup' for CMake config files
[7.831s] Level 1:colcon.colcon_core.environment:checking '/home/robousr/proyecto.F_ws/install/example_bringup/lib'
[7.832s] Level 1:colcon.colcon_core.environment:checking '/home/robousr/proyecto.F_ws/install/example_bringup/bin'
[7.832s] Level 1:colcon.colcon_core.environment:checking '/home/robousr/proyecto.F_ws/install/example_bringup/lib/pkgconfig/example_bringup.pc'
[7.833s] Level 1:colcon.colcon_core.environment:checking '/home/robousr/proyecto.F_ws/install/example_bringup/lib/python3.10/site-packages'
[7.833s] Level 1:colcon.colcon_core.shell:create_environment_hook('example_bringup', 'pythonpath')
[7.834s] INFO:colcon.colcon_core.shell:Creating environment hook '/home/robousr/proyecto.F_ws/install/example_bringup/share/example_bringup/hook/pythonpath.ps1'
[7.836s] INFO:colcon.colcon_core.shell:Creating environment descriptor '/home/robousr/proyecto.F_ws/install/example_bringup/share/example_bringup/hook/pythonpath.dsv'
[7.837s] INFO:colcon.colcon_core.shell:Creating environment hook '/home/robousr/proyecto.F_ws/install/example_bringup/share/example_bringup/hook/pythonpath.sh'
[7.839s] Level 1:colcon.colcon_core.environment:checking '/home/robousr/proyecto.F_ws/install/example_bringup/bin'
[7.839s] Level 1:colcon.colcon_core.environment:create_environment_scripts_only(example_bringup)
[7.840s] INFO:colcon.colcon_core.shell:Creating package script '/home/robousr/proyecto.F_ws/install/example_bringup/share/example_bringup/package.ps1'
[7.843s] INFO:colcon.colcon_core.shell:Creating package descriptor '/home/robousr/proyecto.F_ws/install/example_bringup/share/example_bringup/package.dsv'
[7.848s] INFO:colcon.colcon_core.shell:Creating package script '/home/robousr/proyecto.F_ws/install/example_bringup/share/example_bringup/package.sh'
[7.852s] INFO:colcon.colcon_core.shell:Creating package script '/home/robousr/proyecto.F_ws/install/example_bringup/share/example_bringup/package.bash'
[7.856s] INFO:colcon.colcon_core.shell:Creating package script '/home/robousr/proyecto.F_ws/install/example_bringup/share/example_bringup/package.zsh'
[7.861s] Level 1:colcon.colcon_core.environment:create_file_with_runtime_dependencies(/home/robousr/proyecto.F_ws/install/example_bringup/share/colcon-core/packages/example_bringup)
[7.867s] Level 1:colcon.colcon_core.environment:checking '/home/robousr/proyecto.F_ws/install/example_description' for CMake module files
[7.869s] Level 1:colcon.colcon_core.environment:checking '/home/robousr/proyecto.F_ws/install/example_description' for CMake config files
[7.869s] DEBUG:colcon.colcon_core.event_handler.log_command:Invoked command in '/home/robousr/proyecto.F_ws/src/example_description' returned '0': PYTHONPATH=/home/robousr/proyecto.F_ws/build/example_description/prefix_override:/usr/lib/python3/dist-packages/colcon_core/task/python/colcon_distutils_commands:/home/robousr/proyecto.F_ws/install/example_description/lib/python3.10/site-packages:${PYTHONPATH} /usr/bin/python3 -W ignore:setup.py install is deprecated setup.py egg_info --egg-base ../../build/example_description build --build-base /home/robousr/proyecto.F_ws/build/example_description/build install --record /home/robousr/proyecto.F_ws/build/example_description/install.log --single-version-externally-managed install_data
[7.874s] Level 1:colcon.colcon_core.environment:checking '/home/robousr/proyecto.F_ws/install/example_description/lib'
[7.874s] Level 1:colcon.colcon_core.environment:checking '/home/robousr/proyecto.F_ws/install/example_description/bin'
[7.874s] Level 1:colcon.colcon_core.environment:checking '/home/robousr/proyecto.F_ws/install/example_description/lib/pkgconfig/example_description.pc'
[7.874s] Level 1:colcon.colcon_core.environment:checking '/home/robousr/proyecto.F_ws/install/example_description/lib/python3.10/site-packages'
[7.874s] Level 1:colcon.colcon_core.shell:create_environment_hook('example_description', 'pythonpath')
[7.875s] INFO:colcon.colcon_core.shell:Creating environment hook '/home/robousr/proyecto.F_ws/install/example_description/share/example_description/hook/pythonpath.ps1'
[7.878s] INFO:colcon.colcon_core.shell:Creating environment descriptor '/home/robousr/proyecto.F_ws/install/example_description/share/example_description/hook/pythonpath.dsv'
[7.882s] INFO:colcon.colcon_core.shell:Creating environment hook '/home/robousr/proyecto.F_ws/install/example_description/share/example_description/hook/pythonpath.sh'
[7.885s] Level 1:colcon.colcon_core.environment:checking '/home/robousr/proyecto.F_ws/install/example_description/bin'
[7.887s] Level 1:colcon.colcon_core.environment:create_environment_scripts_only(example_description)
[7.888s] INFO:colcon.colcon_core.shell:Creating package script '/home/robousr/proyecto.F_ws/install/example_description/share/example_description/package.ps1'
[7.893s] INFO:colcon.colcon_core.shell:Creating package descriptor '/home/robousr/proyecto.F_ws/install/example_description/share/example_description/package.dsv'
[7.898s] INFO:colcon.colcon_core.shell:Creating package script '/home/robousr/proyecto.F_ws/install/example_description/share/example_description/package.sh'
[7.900s] INFO:colcon.colcon_core.shell:Creating package script '/home/robousr/proyecto.F_ws/install/example_description/share/example_description/package.bash'
[7.902s] INFO:colcon.colcon_core.shell:Creating package script '/home/robousr/proyecto.F_ws/install/example_description/share/example_description/package.zsh'
[7.903s] Level 1:colcon.colcon_core.environment:create_file_with_runtime_dependencies(/home/robousr/proyecto.F_ws/install/example_description/share/colcon-core/packages/example_description)
[7.904s] DEBUG:colcon.colcon_parallel_executor.executor.parallel:closing loop
[7.904s] DEBUG:colcon.colcon_parallel_executor.executor.parallel:loop closed
[7.904s] DEBUG:colcon.colcon_parallel_executor.executor.parallel:run_until_complete finished with '0'
[7.904s] DEBUG:colcon.colcon_core.event_reactor:joining thread
[7.959s] INFO:colcon.colcon_core.plugin_system:Skipping extension 'colcon_notification.desktop_notification.terminal_notifier': Not used on non-Darwin systems
[7.961s] INFO:colcon.colcon_core.plugin_system:Skipping extension 'colcon_notification.desktop_notification.win32': Not used on non-Windows systems
[7.962s] INFO:colcon.colcon_notification.desktop_notification:Sending desktop notification using 'notify2'
[8.031s] DEBUG:colcon.colcon_core.event_reactor:joined thread
[8.032s] INFO:colcon.colcon_core.shell:Creating prefix script '/home/robousr/proyecto.F_ws/install/local_setup.ps1'
[8.041s] INFO:colcon.colcon_core.shell:Creating prefix util module '/home/robousr/proyecto.F_ws/install/_local_setup_util_ps1.py'
[8.050s] INFO:colcon.colcon_core.shell:Creating prefix chain script '/home/robousr/proyecto.F_ws/install/setup.ps1'
[8.057s] INFO:colcon.colcon_core.shell:Creating prefix script '/home/robousr/proyecto.F_ws/install/local_setup.sh'
[8.086s] INFO:colcon.colcon_core.shell:Creating prefix util module '/home/robousr/proyecto.F_ws/install/_local_setup_util_sh.py'
[8.092s] INFO:colcon.colcon_core.shell:Creating prefix chain script '/home/robousr/proyecto.F_ws/install/setup.sh'
[8.097s] INFO:colcon.colcon_core.shell:Creating prefix script '/home/robousr/proyecto.F_ws/install/local_setup.bash'
[8.102s] INFO:colcon.colcon_core.shell:Creating prefix chain script '/home/robousr/proyecto.F_ws/install/setup.bash'
[8.107s] INFO:colcon.colcon_core.shell:Creating prefix script '/home/robousr/proyecto.F_ws/install/local_setup.zsh'
[8.112s] INFO:colcon.colcon_core.shell:Creating prefix chain script '/home/robousr/proyecto.F_ws/install/setup.zsh'
