[0.816s] DEBUG:colcon:Command line arguments: ['/usr/bin/colcon', 'build']
[0.816s] DEBUG:colcon:Parsed command line arguments: Namespace(log_base=None, log_level=None, verb_name='build', build_base='build', install_base='install', merge_install=False, symlink_install=False, test_result_base=None, continue_on_error=False, executor='parallel', parallel_workers=2, event_handlers=None, ignore_user_meta=False, metas=['./colcon.meta'], base_paths=['.'], packages_ignore=None, packages_ignore_regex=None, paths=None, packages_up_to=None, packages_up_to_regex=None, packages_above=None, packages_above_and_dependencies=None, packages_above_depth=None, packages_select_by_dep=None, packages_skip_by_dep=None, packages_skip_up_to=None, packages_select_build_failed=False, packages_skip_build_finished=False, packages_select_test_failures=False, packages_skip_test_passed=False, packages_select=None, packages_skip=None, packages_select_regex=None, packages_skip_regex=None, packages_start=None, packages_end=None, allow_overriding=[], cmake_args=None, cmake_target=None, cmake_target_skip_unavailable=False, cmake_clean_cache=False, cmake_clean_first=False, cmake_force_configure=False, ament_cmake_args=None, catkin_cmake_args=None, catkin_skip_building_tests=False, mixin_files=None, mixin=None, verb_parser=<colcon_mixin.mixin.mixin_argument.MixinArgumentDecorator object at 0x721871733d90>, verb_extension=<colcon_core.verb.build.BuildVerb object at 0x721871733850>, main=<bound method BuildVerb.main of <colcon_core.verb.build.BuildVerb object at 0x721871733850>>, mixin_verb=('build',))
[4.602s] Level 1:colcon.colcon_core.package_discovery:discover_packages(colcon_meta) check parameters
[4.603s] Level 1:colcon.colcon_core.package_discovery:discover_packages(recursive) check parameters
[4.603s] Level 1:colcon.colcon_core.package_discovery:discover_packages(ignore) check parameters
[4.603s] Level 1:colcon.colcon_core.package_discovery:discover_packages(path) check parameters
[4.603s] Level 1:colcon.colcon_core.package_discovery:discover_packages(colcon_meta) discover
[4.603s] Level 1:colcon.colcon_core.package_discovery:discover_packages(recursive) discover
[4.603s] INFO:colcon.colcon_core.package_discovery:Crawling recursively for packages in '/home/robousr/proyecto.F_ws'
[4.604s] Level 1:colcon.colcon_core.package_identification:_identify(.) by extensions ['ignore', 'ignore_ament_install']
[4.604s] Level 1:colcon.colcon_core.package_identification:_identify(.) by extension 'ignore'
[4.604s] Level 1:colcon.colcon_core.package_identification:_identify(.) by extension 'ignore_ament_install'
[4.604s] Level 1:colcon.colcon_core.package_identification:_identify(.) by extensions ['colcon_pkg']
[4.604s] Level 1:colcon.colcon_core.package_identification:_identify(.) by extension 'colcon_pkg'
[4.605s] Level 1:colcon.colcon_core.package_identification:_identify(.) by extensions ['colcon_meta']
[4.605s] Level 1:colcon.colcon_core.package_identification:_identify(.) by extension 'colcon_meta'
[4.605s] Level 1:colcon.colcon_core.package_identification:_identify(.) by extensions ['ros']
[4.605s] Level 1:colcon.colcon_core.package_identification:_identify(.) by extension 'ros'
[4.654s] Level 1:colcon.colcon_core.package_identification:_identify(.) by extensions ['cmake', 'python']
[4.654s] Level 1:colcon.colcon_core.package_identification:_identify(.) by extension 'cmake'
[4.655s] Level 1:colcon.colcon_core.package_identification:_identify(.) by extension 'python'
[4.655s] Level 1:colcon.colcon_core.package_identification:_identify(.) by extensions ['python_setup_py']
[4.655s] Level 1:colcon.colcon_core.package_identification:_identify(.) by extension 'python_setup_py'
[4.656s] Level 1:colcon.colcon_core.package_identification:_identify(build) by extensions ['ignore', 'ignore_ament_install']
[4.656s] Level 1:colcon.colcon_core.package_identification:_identify(build) by extension 'ignore'
[4.657s] Level 1:colcon.colcon_core.package_identification:_identify(build) ignored
[4.657s] Level 1:colcon.colcon_core.package_identification:_identify(install) by extensions ['ignore', 'ignore_ament_install']
[4.657s] Level 1:colcon.colcon_core.package_identification:_identify(install) by extension 'ignore'
[4.658s] Level 1:colcon.colcon_core.package_identification:_identify(install) ignored
[4.658s] Level 1:colcon.colcon_core.package_identification:_identify(log) by extensions ['ignore', 'ignore_ament_install']
[4.658s] Level 1:colcon.colcon_core.package_identification:_identify(log) by extension 'ignore'
[4.658s] Level 1:colcon.colcon_core.package_identification:_identify(log) ignored
[4.659s] Level 1:colcon.colcon_core.package_identification:_identify(src) by extensions ['ignore', 'ignore_ament_install']
[4.659s] Level 1:colcon.colcon_core.package_identification:_identify(src) by extension 'ignore'
[4.659s] Level 1:colcon.colcon_core.package_identification:_identify(src) by extension 'ignore_ament_install'
[4.659s] Level 1:colcon.colcon_core.package_identification:_identify(src) by extensions ['colcon_pkg']
[4.660s] Level 1:colcon.colcon_core.package_identification:_identify(src) by extension 'colcon_pkg'
[4.660s] Level 1:colcon.colcon_core.package_identification:_identify(src) by extensions ['colcon_meta']
[4.660s] Level 1:colcon.colcon_core.package_identification:_identify(src) by extension 'colcon_meta'
[4.660s] Level 1:colcon.colcon_core.package_identification:_identify(src) by extensions ['ros']
[4.660s] Level 1:colcon.colcon_core.package_identification:_identify(src) by extension 'ros'
[4.660s] Level 1:colcon.colcon_core.package_identification:_identify(src) by extensions ['cmake', 'python']
[4.661s] Level 1:colcon.colcon_core.package_identification:_identify(src) by extension 'cmake'
[4.661s] Level 1:colcon.colcon_core.package_identification:_identify(src) by extension 'python'
[4.661s] Level 1:colcon.colcon_core.package_identification:_identify(src) by extensions ['python_setup_py']
[4.661s] Level 1:colcon.colcon_core.package_identification:_identify(src) by extension 'python_setup_py'
[4.661s] Level 1:colcon.colcon_core.package_identification:_identify(src/example_bringup) by extensions ['ignore', 'ignore_ament_install']
[4.662s] Level 1:colcon.colcon_core.package_identification:_identify(src/example_bringup) by extension 'ignore'
[4.662s] Level 1:colcon.colcon_core.package_identification:_identify(src/example_bringup) by extension 'ignore_ament_install'
[4.662s] Level 1:colcon.colcon_core.package_identification:_identify(src/example_bringup) by extensions ['colcon_pkg']
[4.662s] Level 1:colcon.colcon_core.package_identification:_identify(src/example_bringup) by extension 'colcon_pkg'
[4.663s] Level 1:colcon.colcon_core.package_identification:_identify(src/example_bringup) by extensions ['colcon_meta']
[4.663s] Level 1:colcon.colcon_core.package_identification:_identify(src/example_bringup) by extension 'colcon_meta'
[4.663s] Level 1:colcon.colcon_core.package_identification:_identify(src/example_bringup) by extensions ['ros']
[4.663s] Level 1:colcon.colcon_core.package_identification:_identify(src/example_bringup) by extension 'ros'
[4.694s] DEBUG:colcon.colcon_core.package_identification:Package 'src/example_bringup' with type 'ros.ament_python' and name 'example_bringup'
[4.695s] Level 1:colcon.colcon_core.package_identification:_identify(src/example_description) by extensions ['ignore', 'ignore_ament_install']
[4.695s] Level 1:colcon.colcon_core.package_identification:_identify(src/example_description) by extension 'ignore'
[4.695s] Level 1:colcon.colcon_core.package_identification:_identify(src/example_description) by extension 'ignore_ament_install'
[4.695s] Level 1:colcon.colcon_core.package_identification:_identify(src/example_description) by extensions ['colcon_pkg']
[4.696s] Level 1:colcon.colcon_core.package_identification:_identify(src/example_description) by extension 'colcon_pkg'
[4.696s] Level 1:colcon.colcon_core.package_identification:_identify(src/example_description) by extensions ['colcon_meta']
[4.696s] Level 1:colcon.colcon_core.package_identification:_identify(src/example_description) by extension 'colcon_meta'
[4.696s] Level 1:colcon.colcon_core.package_identification:_identify(src/example_description) by extensions ['ros']
[4.696s] Level 1:colcon.colcon_core.package_identification:_identify(src/example_description) by extension 'ros'
[4.699s] DEBUG:colcon.colcon_core.package_identification:Package 'src/example_description' with type 'ros.ament_python' and name 'example_description'
[4.700s] Level 1:colcon.colcon_core.package_discovery:discover_packages(recursive) using defaults
[4.700s] Level 1:colcon.colcon_core.package_discovery:discover_packages(ignore) discover
[4.700s] Level 1:colcon.colcon_core.package_discovery:discover_packages(ignore) using defaults
[4.700s] Level 1:colcon.colcon_core.package_discovery:discover_packages(path) discover
[4.700s] Level 1:colcon.colcon_core.package_discovery:discover_packages(path) using defaults
[4.909s] Level 1:colcon.colcon_core.package_discovery:discover_packages(prefix_path) check parameters
[4.910s] Level 1:colcon.colcon_core.package_discovery:discover_packages(prefix_path) discover
[4.942s] DEBUG:colcon.colcon_installed_package_information.package_discovery:Found 2 installed packages in /home/robousr/proyecto.F_ws/install
[4.947s] DEBUG:colcon.colcon_installed_package_information.package_discovery:Found 321 installed packages in /opt/ros/humble
[4.952s] Level 1:colcon.colcon_core.package_discovery:discover_packages(prefix_path) using defaults
[5.649s] Level 5:colcon.colcon_core.verb:set package 'example_bringup' build argument 'cmake_args' from command line to 'None'
[5.649s] Level 5:colcon.colcon_core.verb:set package 'example_bringup' build argument 'cmake_target' from command line to 'None'
[5.649s] Level 5:colcon.colcon_core.verb:set package 'example_bringup' build argument 'cmake_target_skip_unavailable' from command line to 'False'
[5.649s] Level 5:colcon.colcon_core.verb:set package 'example_bringup' build argument 'cmake_clean_cache' from command line to 'False'
[5.650s] Level 5:colcon.colcon_core.verb:set package 'example_bringup' build argument 'cmake_clean_first' from command line to 'False'
[5.650s] Level 5:colcon.colcon_core.verb:set package 'example_bringup' build argument 'cmake_force_configure' from command line to 'False'
[5.650s] Level 5:colcon.colcon_core.verb:set package 'example_bringup' build argument 'ament_cmake_args' from command line to 'None'
[5.650s] Level 5:colcon.colcon_core.verb:set package 'example_bringup' build argument 'catkin_cmake_args' from command line to 'None'
[5.650s] Level 5:colcon.colcon_core.verb:set package 'example_bringup' build argument 'catkin_skip_building_tests' from command line to 'False'
[5.650s] DEBUG:colcon.colcon_core.verb:Building package 'example_bringup' with the following arguments: {'ament_cmake_args': None, 'build_base': '/home/robousr/proyecto.F_ws/build/example_bringup', 'catkin_cmake_args': None, 'catkin_skip_building_tests': False, 'cmake_args': None, 'cmake_clean_cache': False, 'cmake_clean_first': False, 'cmake_force_configure': False, 'cmake_target': None, 'cmake_target_skip_unavailable': False, 'install_base': '/home/robousr/proyecto.F_ws/install/example_bringup', 'merge_install': False, 'path': '/home/robousr/proyecto.F_ws/src/example_bringup', 'symlink_install': False, 'test_result_base': None}
[5.653s] Level 5:colcon.colcon_core.verb:set package 'example_description' build argument 'cmake_args' from command line to 'None'
[5.660s] Level 5:colcon.colcon_core.verb:set package 'example_description' build argument 'cmake_target' from command line to 'None'
[5.661s] Level 5:colcon.colcon_core.verb:set package 'example_description' build argument 'cmake_target_skip_unavailable' from command line to 'False'
[5.661s] Level 5:colcon.colcon_core.verb:set package 'example_description' build argument 'cmake_clean_cache' from command line to 'False'
[5.661s] Level 5:colcon.colcon_core.verb:set package 'example_description' build argument 'cmake_clean_first' from command line to 'False'
[5.661s] Level 5:colcon.colcon_core.verb:set package 'example_description' build argument 'cmake_force_configure' from command line to 'False'
[5.661s] Level 5:colcon.colcon_core.verb:set package 'example_description' build argument 'ament_cmake_args' from command line to 'None'
[5.662s] Level 5:colcon.colcon_core.verb:set package 'example_description' build argument 'catkin_cmake_args' from command line to 'None'
[5.662s] Level 5:colcon.colcon_core.verb:set package 'example_description' build argument 'catkin_skip_building_tests' from command line to 'False'
[5.662s] DEBUG:colcon.colcon_core.verb:Building package 'example_description' with the following arguments: {'ament_cmake_args': None, 'build_base': '/home/robousr/proyecto.F_ws/build/example_description', 'catkin_cmake_args': None, 'catkin_skip_building_tests': False, 'cmake_args': None, 'cmake_clean_cache': False, 'cmake_clean_first': False, 'cmake_force_configure': False, 'cmake_target': None, 'cmake_target_skip_unavailable': False, 'install_base': '/home/robousr/proyecto.F_ws/install/example_description', 'merge_install': False, 'path': '/home/robousr/proyecto.F_ws/src/example_description', 'symlink_install': False, 'test_result_base': None}
[5.663s] INFO:colcon.colcon_core.executor:Executing jobs using 'parallel' executor
[5.674s] DEBUG:colcon.colcon_parallel_executor.executor.parallel:run_until_complete
[5.674s] INFO:colcon.colcon_ros.task.ament_python.build:Building ROS package in '/home/robousr/proyecto.F_ws/src/example_bringup' with build type 'ament_python'
[5.677s] Level 1:colcon.colcon_core.shell:create_environment_hook('example_bringup', 'ament_prefix_path')
[5.751s] INFO:colcon.colcon_core.plugin_system:Skipping extension 'colcon_core.shell.bat': Not used on non-Windows systems
[5.752s] INFO:colcon.colcon_core.shell:Creating environment hook '/home/robousr/proyecto.F_ws/install/example_bringup/share/example_bringup/hook/ament_prefix_path.ps1'
[5.768s] INFO:colcon.colcon_core.shell:Creating environment descriptor '/home/robousr/proyecto.F_ws/install/example_bringup/share/example_bringup/hook/ament_prefix_path.dsv'
[5.781s] INFO:colcon.colcon_core.shell:Creating environment hook '/home/robousr/proyecto.F_ws/install/example_bringup/share/example_bringup/hook/ament_prefix_path.sh'
[5.791s] INFO:colcon.colcon_core.shell:Skip shell extension 'powershell' for command environment: Not usable outside of PowerShell
[5.794s] DEBUG:colcon.colcon_core.shell:Skip shell extension 'dsv' for command environment
[5.825s] INFO:colcon.colcon_ros.task.ament_python.build:Building ROS package in '/home/robousr/proyecto.F_ws/src/example_description' with build type 'ament_python'
[5.826s] Level 1:colcon.colcon_core.shell:create_environment_hook('example_description', 'ament_prefix_path')
[5.829s] INFO:colcon.colcon_core.shell:Creating environment hook '/home/robousr/proyecto.F_ws/install/example_description/share/example_description/hook/ament_prefix_path.ps1'
[5.837s] INFO:colcon.colcon_core.shell:Creating environment descriptor '/home/robousr/proyecto.F_ws/install/example_description/share/example_description/hook/ament_prefix_path.dsv'
[5.847s] INFO:colcon.colcon_core.shell:Creating environment hook '/home/robousr/proyecto.F_ws/install/example_description/share/example_description/hook/ament_prefix_path.sh'
[5.861s] INFO:colcon.colcon_core.shell:Skip shell extension 'powershell' for command environment: Not usable outside of PowerShell
[5.862s] DEBUG:colcon.colcon_core.shell:Skip shell extension 'dsv' for command environment
[8.651s] INFO:colcon.colcon_core.task.python.build:Building Python package in '/home/robousr/proyecto.F_ws/src/example_bringup'
[8.658s] INFO:colcon.colcon_core.shell:Skip shell extension 'powershell' for command environment: Not usable outside of PowerShell
[8.662s] DEBUG:colcon.colcon_core.shell:Skip shell extension 'dsv' for command environment
[10.533s] INFO:colcon.colcon_core.task.python.build:Building Python package in '/home/robousr/proyecto.F_ws/src/example_description'
[10.534s] INFO:colcon.colcon_core.shell:Skip shell extension 'powershell' for command environment: Not usable outside of PowerShell
[10.534s] DEBUG:colcon.colcon_core.shell:Skip shell extension 'dsv' for command environment
[26.934s] DEBUG:colcon.colcon_core.event_handler.log_command:Invoking command in '/home/robousr/proyecto.F_ws/src/example_description': PYTHONPATH=/home/robousr/proyecto.F_ws/build/example_description/prefix_override:/usr/lib/python3/dist-packages/colcon_core/task/python/colcon_distutils_commands:/home/robousr/proyecto.F_ws/install/example_description/lib/python3.10/site-packages:${PYTHONPATH} /usr/bin/python3 -W ignore:setup.py install is deprecated setup.py egg_info --egg-base ../../build/example_description build --build-base /home/robousr/proyecto.F_ws/build/example_description/build install --record /home/robousr/proyecto.F_ws/build/example_description/install.log --single-version-externally-managed install_data
[27.075s] DEBUG:colcon.colcon_core.event_handler.log_command:Invoking command in '/home/robousr/proyecto.F_ws/src/example_bringup': PYTHONPATH=/home/robousr/proyecto.F_ws/build/example_bringup/prefix_override:/usr/lib/python3/dist-packages/colcon_core/task/python/colcon_distutils_commands:/home/robousr/proyecto.F_ws/install/example_bringup/lib/python3.10/site-packages:${PYTHONPATH} /usr/bin/python3 -W ignore:setup.py install is deprecated setup.py egg_info --egg-base ../../build/example_bringup build --build-base /home/robousr/proyecto.F_ws/build/example_bringup/build install --record /home/robousr/proyecto.F_ws/build/example_bringup/install.log --single-version-externally-managed install_data
[31.111s] DEBUG:colcon.colcon_core.event_handler.log_command:Invoked command in '/home/robousr/proyecto.F_ws/src/example_description' returned '0': PYTHONPATH=/home/robousr/proyecto.F_ws/build/example_description/prefix_override:/usr/lib/python3/dist-packages/colcon_core/task/python/colcon_distutils_commands:/home/robousr/proyecto.F_ws/install/example_description/lib/python3.10/site-packages:${PYTHONPATH} /usr/bin/python3 -W ignore:setup.py install is deprecated setup.py egg_info --egg-base ../../build/example_description build --build-base /home/robousr/proyecto.F_ws/build/example_description/build install --record /home/robousr/proyecto.F_ws/build/example_description/install.log --single-version-externally-managed install_data
[31.220s] Level 1:colcon.colcon_core.environment:checking '/home/robousr/proyecto.F_ws/install/example_description' for CMake module files
[31.223s] Level 1:colcon.colcon_core.environment:checking '/home/robousr/proyecto.F_ws/install/example_description' for CMake config files
[31.226s] Level 1:colcon.colcon_core.environment:checking '/home/robousr/proyecto.F_ws/install/example_description/lib'
[31.228s] Level 1:colcon.colcon_core.environment:checking '/home/robousr/proyecto.F_ws/install/example_description/bin'
[31.228s] Level 1:colcon.colcon_core.environment:checking '/home/robousr/proyecto.F_ws/install/example_description/lib/pkgconfig/example_description.pc'
[31.229s] Level 1:colcon.colcon_core.environment:checking '/home/robousr/proyecto.F_ws/install/example_description/lib/python3.10/site-packages'
[31.230s] Level 1:colcon.colcon_core.shell:create_environment_hook('example_description', 'pythonpath')
[31.231s] INFO:colcon.colcon_core.shell:Creating environment hook '/home/robousr/proyecto.F_ws/install/example_description/share/example_description/hook/pythonpath.ps1'
[31.236s] INFO:colcon.colcon_core.shell:Creating environment descriptor '/home/robousr/proyecto.F_ws/install/example_description/share/example_description/hook/pythonpath.dsv'
[31.240s] INFO:colcon.colcon_core.shell:Creating environment hook '/home/robousr/proyecto.F_ws/install/example_description/share/example_description/hook/pythonpath.sh'
[31.244s] Level 1:colcon.colcon_core.environment:checking '/home/robousr/proyecto.F_ws/install/example_description/bin'
[31.245s] Level 1:colcon.colcon_core.environment:create_environment_scripts_only(example_description)
[31.246s] INFO:colcon.colcon_core.shell:Creating package script '/home/robousr/proyecto.F_ws/install/example_description/share/example_description/package.ps1'
[31.259s] INFO:colcon.colcon_core.shell:Creating package descriptor '/home/robousr/proyecto.F_ws/install/example_description/share/example_description/package.dsv'
[31.265s] INFO:colcon.colcon_core.shell:Creating package script '/home/robousr/proyecto.F_ws/install/example_description/share/example_description/package.sh'
[31.277s] INFO:colcon.colcon_core.shell:Creating package script '/home/robousr/proyecto.F_ws/install/example_description/share/example_description/package.bash'
[31.283s] INFO:colcon.colcon_core.shell:Creating package script '/home/robousr/proyecto.F_ws/install/example_description/share/example_description/package.zsh'
[31.290s] Level 1:colcon.colcon_core.environment:create_file_with_runtime_dependencies(/home/robousr/proyecto.F_ws/install/example_description/share/colcon-core/packages/example_description)
[31.317s] Level 1:colcon.colcon_core.environment:checking '/home/robousr/proyecto.F_ws/install/example_bringup' for CMake module files
[31.320s] DEBUG:colcon.colcon_core.event_handler.log_command:Invoked command in '/home/robousr/proyecto.F_ws/src/example_bringup' returned '0': PYTHONPATH=/home/robousr/proyecto.F_ws/build/example_bringup/prefix_override:/usr/lib/python3/dist-packages/colcon_core/task/python/colcon_distutils_commands:/home/robousr/proyecto.F_ws/install/example_bringup/lib/python3.10/site-packages:${PYTHONPATH} /usr/bin/python3 -W ignore:setup.py install is deprecated setup.py egg_info --egg-base ../../build/example_bringup build --build-base /home/robousr/proyecto.F_ws/build/example_bringup/build install --record /home/robousr/proyecto.F_ws/build/example_bringup/install.log --single-version-externally-managed install_data
[31.330s] Level 1:colcon.colcon_core.environment:checking '/home/robousr/proyecto.F_ws/install/example_bringup' for CMake config files
[31.332s] Level 1:colcon.colcon_core.environment:checking '/home/robousr/proyecto.F_ws/install/example_bringup/lib'
[31.335s] Level 1:colcon.colcon_core.environment:checking '/home/robousr/proyecto.F_ws/install/example_bringup/bin'
[31.336s] Level 1:colcon.colcon_core.environment:checking '/home/robousr/proyecto.F_ws/install/example_bringup/lib/pkgconfig/example_bringup.pc'
[31.338s] Level 1:colcon.colcon_core.environment:checking '/home/robousr/proyecto.F_ws/install/example_bringup/lib/python3.10/site-packages'
[31.338s] Level 1:colcon.colcon_core.shell:create_environment_hook('example_bringup', 'pythonpath')
[31.339s] INFO:colcon.colcon_core.shell:Creating environment hook '/home/robousr/proyecto.F_ws/install/example_bringup/share/example_bringup/hook/pythonpath.ps1'
[31.341s] INFO:colcon.colcon_core.shell:Creating environment descriptor '/home/robousr/proyecto.F_ws/install/example_bringup/share/example_bringup/hook/pythonpath.dsv'
[31.343s] INFO:colcon.colcon_core.shell:Creating environment hook '/home/robousr/proyecto.F_ws/install/example_bringup/share/example_bringup/hook/pythonpath.sh'
[31.345s] Level 1:colcon.colcon_core.environment:checking '/home/robousr/proyecto.F_ws/install/example_bringup/bin'
[31.346s] Level 1:colcon.colcon_core.environment:create_environment_scripts_only(example_bringup)
[31.347s] INFO:colcon.colcon_core.shell:Creating package script '/home/robousr/proyecto.F_ws/install/example_bringup/share/example_bringup/package.ps1'
[31.349s] INFO:colcon.colcon_core.shell:Creating package descriptor '/home/robousr/proyecto.F_ws/install/example_bringup/share/example_bringup/package.dsv'
[31.352s] INFO:colcon.colcon_core.shell:Creating package script '/home/robousr/proyecto.F_ws/install/example_bringup/share/example_bringup/package.sh'
[31.356s] INFO:colcon.colcon_core.shell:Creating package script '/home/robousr/proyecto.F_ws/install/example_bringup/share/example_bringup/package.bash'
[31.358s] INFO:colcon.colcon_core.shell:Creating package script '/home/robousr/proyecto.F_ws/install/example_bringup/share/example_bringup/package.zsh'
[31.359s] Level 1:colcon.colcon_core.environment:create_file_with_runtime_dependencies(/home/robousr/proyecto.F_ws/install/example_bringup/share/colcon-core/packages/example_bringup)
[31.360s] DEBUG:colcon.colcon_parallel_executor.executor.parallel:closing loop
[31.361s] DEBUG:colcon.colcon_parallel_executor.executor.parallel:loop closed
[31.365s] DEBUG:colcon.colcon_parallel_executor.executor.parallel:run_until_complete finished with '0'
[31.365s] DEBUG:colcon.colcon_core.event_reactor:joining thread
[31.395s] INFO:colcon.colcon_core.plugin_system:Skipping extension 'colcon_notification.desktop_notification.terminal_notifier': Not used on non-Darwin systems
[31.395s] INFO:colcon.colcon_core.plugin_system:Skipping extension 'colcon_notification.desktop_notification.win32': Not used on non-Windows systems
[31.396s] INFO:colcon.colcon_notification.desktop_notification:Sending desktop notification using 'notify2'
[31.675s] DEBUG:colcon.colcon_core.event_reactor:joined thread
[31.677s] INFO:colcon.colcon_core.shell:Creating prefix script '/home/robousr/proyecto.F_ws/install/local_setup.ps1'
[31.681s] INFO:colcon.colcon_core.shell:Creating prefix util module '/home/robousr/proyecto.F_ws/install/_local_setup_util_ps1.py'
[31.691s] INFO:colcon.colcon_core.shell:Creating prefix chain script '/home/robousr/proyecto.F_ws/install/setup.ps1'
[31.699s] INFO:colcon.colcon_core.shell:Creating prefix script '/home/robousr/proyecto.F_ws/install/local_setup.sh'
[31.703s] INFO:colcon.colcon_core.shell:Creating prefix util module '/home/robousr/proyecto.F_ws/install/_local_setup_util_sh.py'
[31.706s] INFO:colcon.colcon_core.shell:Creating prefix chain script '/home/robousr/proyecto.F_ws/install/setup.sh'
[31.715s] INFO:colcon.colcon_core.shell:Creating prefix script '/home/robousr/proyecto.F_ws/install/local_setup.bash'
[31.720s] INFO:colcon.colcon_core.shell:Creating prefix chain script '/home/robousr/proyecto.F_ws/install/setup.bash'
[31.732s] INFO:colcon.colcon_core.shell:Creating prefix script '/home/robousr/proyecto.F_ws/install/local_setup.zsh'
[31.743s] INFO:colcon.colcon_core.shell:Creating prefix chain script '/home/robousr/proyecto.F_ws/install/setup.zsh'
