/home/robousr/proyecto.F_ws/install/example_description/lib/python3.10/site-packages/example_description/__init__.py
/home/robousr/proyecto.F_ws/install/example_description/lib/python3.10/site-packages/example_description/__pycache__/__init__.cpython-310.pyc
/home/robousr/proyecto.F_ws/install/example_description/share/ament_index/resource_index/packages/example_description
/home/robousr/proyecto.F_ws/install/example_description/share/example_description/package.xml
/home/robousr/proyecto.F_ws/install/example_description/share/example_description/launch/rrr_position_controller.yaml
/home/robousr/proyecto.F_ws/install/example_description/share/example_description/urdf/scara_full_robot_stl_position_controller.urdf
/home/robousr/proyecto.F_ws/install/example_description/share/example_description/urdf/rrr_full_robot_stl.urdf
/home/robousr/proyecto.F_ws/install/example_description/share/example_description/urdf/rrr_full_robot_stl_position_controller.urdf
/home/robousr/proyecto.F_ws/install/example_description/share/example_description/urdf/scara_full_robot_stl_trajectory_controller.urdf
/home/robousr/proyecto.F_ws/install/example_description/share/example_description/urdf/rrr_full_robot_stl_trajectory_controller.urdf
/home/robousr/proyecto.F_ws/install/example_description/share/example_description/urdf/rrr_full_robot_stl_effort_controller.urdf
/home/robousr/proyecto.F_ws/install/example_description/share/example_description/urdf/scara_full_robot_stl_effort_controller.urdf
/home/robousr/proyecto.F_ws/install/example_description/share/example_description/urdf/rrr_properties.urdf
/home/robousr/proyecto.F_ws/install/example_description/share/example_description/urdf/rrr_macros.urdf
/home/robousr/proyecto.F_ws/install/example_description/share/example_description/urdf/scara_full_robot_stl.urdf
/home/robousr/proyecto.F_ws/install/example_description/share/example_description/urdf/rrr_full_robot.urdf
/home/robousr/proyecto.F_ws/install/example_description/share/example_description/urdf/link1.stl
/home/robousr/proyecto.F_ws/install/example_description/share/example_description/urdf/sensors/rrr_sensor_macro.urdf
/home/robousr/proyecto.F_ws/install/example_description/share/example_description/urdf/sensors/sonar_sensor.urdf
/home/robousr/proyecto.F_ws/install/example_description/share/example_description/urdf/sensors/imu_sensor.urdf
/home/robousr/proyecto.F_ws/install/example_description/share/example_description/urdf/sensors/camara_sensor.urdf
/home/robousr/proyecto.F_ws/install/example_description/share/example_description/urdf/sensors/lidar_sensor.urdf
/home/robousr/proyecto.F_ws/install/example_description/share/example_description/rviz/model_sensors.rviz
/home/robousr/proyecto.F_ws/install/example_description/share/example_description/rviz/urdf.rviz
/home/robousr/proyecto.F_ws/install/example_description/share/example_description/config/scara_trajectory_controller.yaml
/home/robousr/proyecto.F_ws/install/example_description/share/example_description/config/rrr_trajectory_controller.yaml
/home/robousr/proyecto.F_ws/install/example_description/share/example_description/config/scara_position_controller.yaml
/home/robousr/proyecto.F_ws/install/example_description/share/example_description/config/scara_effort_controller.yaml
/home/robousr/proyecto.F_ws/install/example_description/share/example_description/config/rrr_effort_controller.yaml
/home/robousr/proyecto.F_ws/install/example_description/share/example_description/config/rrr_position_controller.yaml
/home/robousr/proyecto.F_ws/install/example_description/share/example_description/worlds/new_world.world
/home/robousr/proyecto.F_ws/install/example_description/share/example_description/worlds/models/model.sdf
/home/robousr/proyecto.F_ws/install/example_description/share/example_description/worlds/models/model.config
/home/robousr/proyecto.F_ws/install/example_description/lib/python3.10/site-packages/example_description-0.0.0-py3.10.egg-info/dependency_links.txt
/home/robousr/proyecto.F_ws/install/example_description/lib/python3.10/site-packages/example_description-0.0.0-py3.10.egg-info/PKG-INFO
/home/robousr/proyecto.F_ws/install/example_description/lib/python3.10/site-packages/example_description-0.0.0-py3.10.egg-info/zip-safe
/home/robousr/proyecto.F_ws/install/example_description/lib/python3.10/site-packages/example_description-0.0.0-py3.10.egg-info/entry_points.txt
/home/robousr/proyecto.F_ws/install/example_description/lib/python3.10/site-packages/example_description-0.0.0-py3.10.egg-info/top_level.txt
/home/robousr/proyecto.F_ws/install/example_description/lib/python3.10/site-packages/example_description-0.0.0-py3.10.egg-info/SOURCES.txt
/home/robousr/proyecto.F_ws/install/example_description/lib/python3.10/site-packages/example_description-0.0.0-py3.10.egg-info/requires.txt
