[21.100s] Invoking command in '/home/robousr/proyecto.F_ws/src/example_description': PYTHONPATH=/home/robousr/proyecto.F_ws/build/example_description/prefix_override:/usr/lib/python3/dist-packages/colcon_core/task/python/colcon_distutils_commands:/home/robousr/proyecto.F_ws/install/example_description/lib/python3.10/site-packages:${PYTHONPATH} /usr/bin/python3 -W ignore:setup.py install is deprecated setup.py egg_info --egg-base ../../build/example_description build --build-base /home/robousr/proyecto.F_ws/build/example_description/build install --record /home/robousr/proyecto.F_ws/build/example_description/install.log --single-version-externally-managed install_data
[24.111s] running egg_info
[24.112s] writing ../../build/example_description/example_description.egg-info/PKG-INFO
[24.114s] writing dependency_links to ../../build/example_description/example_description.egg-info/dependency_links.txt
[24.116s] writing entry points to ../../build/example_description/example_description.egg-info/entry_points.txt
[24.117s] writing requirements to ../../build/example_description/example_description.egg-info/requires.txt
[24.119s] writing top-level names to ../../build/example_description/example_description.egg-info/top_level.txt
[24.128s] reading manifest file '../../build/example_description/example_description.egg-info/SOURCES.txt'
[24.136s] writing manifest file '../../build/example_description/example_description.egg-info/SOURCES.txt'
[24.136s] running build
[24.136s] running build_py
[24.137s] running install
[24.141s] running install_lib
[24.146s] running install_data
[24.147s] copying urdf/scara_full_robot_stl.urdf -> /home/robousr/proyecto.F_ws/install/example_description/share/example_description/urdf
[24.151s] running install_egg_info
[24.164s] removing '/home/robousr/proyecto.F_ws/install/example_description/lib/python3.10/site-packages/example_description-0.0.0-py3.10.egg-info' (and everything under it)
[24.172s] Copying ../../build/example_description/example_description.egg-info to /home/robousr/proyecto.F_ws/install/example_description/lib/python3.10/site-packages/example_description-0.0.0-py3.10.egg-info
[24.195s] running install_scripts
[24.371s] writing list of installed files to '/home/robousr/proyecto.F_ws/build/example_description/install.log'
[25.283s] Invoked command in '/home/robousr/proyecto.F_ws/src/example_description' returned '0': PYTHONPATH=/home/robousr/proyecto.F_ws/build/example_description/prefix_override:/usr/lib/python3/dist-packages/colcon_core/task/python/colcon_distutils_commands:/home/robousr/proyecto.F_ws/install/example_description/lib/python3.10/site-packages:${PYTHONPATH} /usr/bin/python3 -W ignore:setup.py install is deprecated setup.py egg_info --egg-base ../../build/example_description build --build-base /home/robousr/proyecto.F_ws/build/example_description/build install --record /home/robousr/proyecto.F_ws/build/example_description/install.log --single-version-externally-managed install_data
