running egg_info
creating ../../../build/example_description/example_description.egg-info
writing ../../../build/example_description/example_description.egg-info/PKG-INFO
writing dependency_links to ../../../build/example_description/example_description.egg-info/dependency_links.txt
writing entry points to ../../../build/example_description/example_description.egg-info/entry_points.txt
writing requirements to ../../../build/example_description/example_description.egg-info/requires.txt
writing top-level names to ../../../build/example_description/example_description.egg-info/top_level.txt
writing manifest file '../../../build/example_description/example_description.egg-info/SOURCES.txt'
reading manifest file '../../../build/example_description/example_description.egg-info/SOURCES.txt'
writing manifest file '../../../build/example_description/example_description.egg-info/SOURCES.txt'
running build
running build_py
creating /home/han/proyect_ws/build/example_description/build
creating /home/han/proyect_ws/build/example_description/build/lib
creating /home/han/proyect_ws/build/example_description/build/lib/example_description
copying example_description/__init__.py -> /home/han/proyect_ws/build/example_description/build/lib/example_description
running install
running install_lib
creating /home/han/proyect_ws/install/example_description/lib/python3.10/site-packages/example_description
copying /home/han/proyect_ws/build/example_description/build/lib/example_description/__init__.py -> /home/han/proyect_ws/install/example_description/lib/python3.10/site-packages/example_description
byte-compiling /home/han/proyect_ws/install/example_description/lib/python3.10/site-packages/example_description/__init__.py to __init__.cpython-310.pyc
running install_data
creating /home/han/proyect_ws/install/example_description/share/ament_index
creating /home/han/proyect_ws/install/example_description/share/ament_index/resource_index
creating /home/han/proyect_ws/install/example_description/share/ament_index/resource_index/packages
copying resource/example_description -> /home/han/proyect_ws/install/example_description/share/ament_index/resource_index/packages
copying package.xml -> /home/han/proyect_ws/install/example_description/share/example_description
creating /home/han/proyect_ws/install/example_description/share/example_description/launch
copying launch/rrr_position_controller.yaml -> /home/han/proyect_ws/install/example_description/share/example_description/launch
creating /home/han/proyect_ws/install/example_description/share/example_description/urdf
copying urdf/rrr_full_robot.urdf -> /home/han/proyect_ws/install/example_description/share/example_description/urdf
copying urdf/rrr_full_robot_stl_effort_controller.urdf -> /home/han/proyect_ws/install/example_description/share/example_description/urdf
copying urdf/scara_full_robot_stl_position_controller.urdf -> /home/han/proyect_ws/install/example_description/share/example_description/urdf
copying urdf/rrr_properties.urdf -> /home/han/proyect_ws/install/example_description/share/example_description/urdf
copying urdf/rrr_full_robot_stl.urdf -> /home/han/proyect_ws/install/example_description/share/example_description/urdf
copying urdf/rrr_full_robot_stl_position_controller.urdf -> /home/han/proyect_ws/install/example_description/share/example_description/urdf
copying urdf/scara_full_robot_stl_effort_controller.urdf -> /home/han/proyect_ws/install/example_description/share/example_description/urdf
copying urdf/scara_full_robot_stl_trajectory_controller.urdf -> /home/han/proyect_ws/install/example_description/share/example_description/urdf
copying urdf/rrr_macros.urdf -> /home/han/proyect_ws/install/example_description/share/example_description/urdf
copying urdf/rrr_full_robot_stl_trajectory_controller.urdf -> /home/han/proyect_ws/install/example_description/share/example_description/urdf
copying urdf/scara_full_robot_stl.urdf -> /home/han/proyect_ws/install/example_description/share/example_description/urdf
copying urdf/link1.stl -> /home/han/proyect_ws/install/example_description/share/example_description/urdf
creating /home/han/proyect_ws/install/example_description/share/example_description/urdf/sensors
copying urdf/sensors/sonar_sensor.urdf -> /home/han/proyect_ws/install/example_description/share/example_description/urdf/sensors
copying urdf/sensors/imu_sensor.urdf -> /home/han/proyect_ws/install/example_description/share/example_description/urdf/sensors
copying urdf/sensors/rrr_sensor_macro.urdf -> /home/han/proyect_ws/install/example_description/share/example_description/urdf/sensors
copying urdf/sensors/camara_sensor.urdf -> /home/han/proyect_ws/install/example_description/share/example_description/urdf/sensors
copying urdf/sensors/lidar_sensor.urdf -> /home/han/proyect_ws/install/example_description/share/example_description/urdf/sensors
creating /home/han/proyect_ws/install/example_description/share/example_description/rviz
copying rviz/model_sensors.rviz -> /home/han/proyect_ws/install/example_description/share/example_description/rviz
copying rviz/urdf.rviz -> /home/han/proyect_ws/install/example_description/share/example_description/rviz
creating /home/han/proyect_ws/install/example_description/share/example_description/config
copying config/rrr_effort_controller.yaml -> /home/han/proyect_ws/install/example_description/share/example_description/config
copying config/scara_effort_controller.yaml -> /home/han/proyect_ws/install/example_description/share/example_description/config
copying config/rrr_trajectory_controller.yaml -> /home/han/proyect_ws/install/example_description/share/example_description/config
copying config/scara_position_controller.yaml -> /home/han/proyect_ws/install/example_description/share/example_description/config
copying config/scara_trajectory_controller.yaml -> /home/han/proyect_ws/install/example_description/share/example_description/config
copying config/rrr_position_controller.yaml -> /home/han/proyect_ws/install/example_description/share/example_description/config
creating /home/han/proyect_ws/install/example_description/share/example_description/worlds
copying worlds/new_world.world -> /home/han/proyect_ws/install/example_description/share/example_description/worlds
creating /home/han/proyect_ws/install/example_description/share/example_description/worlds/models
copying worlds/models/house/model.config -> /home/han/proyect_ws/install/example_description/share/example_description/worlds/models
copying worlds/models/house/model.sdf -> /home/han/proyect_ws/install/example_description/share/example_description/worlds/models
running install_egg_info
Copying ../../../build/example_description/example_description.egg-info to /home/han/proyect_ws/install/example_description/lib/python3.10/site-packages/example_description-0.0.0-py3.10.egg-info
running install_scripts
writing list of installed files to '/home/han/proyect_ws/build/example_description/install.log'
